--------- beginning of main
05-28 17:37:29.030  1836  1836 D DisplayArea.Tokens: Type: ABOVE_TASKS, name: ImeContainer, featureId: 8
05-28 17:37:29.030  1836  1836 D DisplayArea.Tokens: java.lang.Throwable
05-28 17:37:29.030  1836  1836 D DisplayArea.Tokens: 	at com.android.server.wm.DisplayArea$Tokens.<init>(DisplayArea.java:728)
05-28 17:37:29.030  1836  1836 D DisplayArea.Tokens: 	at com.android.server.wm.DisplayContent$ImeContainer.<init>(DisplayContent.java:5238)
05-28 17:37:29.030  1836  1836 D DisplayArea.Tokens: 	at com.android.server.wm.DisplayContent.<init>(DisplayContent.java:357)
05-28 17:37:29.030  1836  1836 D DisplayArea.Tokens: 	at com.android.server.wm.RootWindowContainer.setWindowManager(RootWindowContainer.java:1273)
05-28 17:37:29.030  1836  1836 D DisplayArea.Tokens: 	at com.android.server.wm.ActivityTaskManagerService.setWindowManager(ActivityTaskManagerService.java:1040)
05-28 17:37:29.030  1836  1836 D DisplayArea.Tokens: 	at com.android.server.am.ActivityManagerService.setWindowManager(ActivityManagerService.java:2052)
05-28 17:37:29.030  1836  1836 D DisplayArea.Tokens: 	at com.android.server.SystemServer.startOtherServices(SystemServer.java:1615)
05-28 17:37:29.030  1836  1836 D DisplayArea.Tokens: 	at com.android.server.SystemServer.run(SystemServer.java:942)
05-28 17:37:29.030  1836  1836 D DisplayArea.Tokens: 	at com.android.server.SystemServer.main(SystemServer.java:664)
05-28 17:37:29.030  1836  1836 D DisplayArea.Tokens: 	at java.lang.reflect.Method.invoke(Native Method)
05-28 17:37:29.030  1836  1836 D DisplayArea.Tokens: 	at com.android.internal.os.RuntimeInit$MethodAndArgsCaller.run(RuntimeInit.java:552)
05-28 17:37:29.030  1836  1836 D DisplayArea.Tokens: 	at com.android.internal.os.ZygoteInit.main(ZygoteInit.java:949)
05-28 17:37:29.038  1836  1836 D HierarchyBuilder: Feature("WindowedMagnification", 4}
05-28 17:37:29.038  1836  1836 D HierarchyBuilder: java.lang.Throwable
05-28 17:37:29.038  1836  1836 D HierarchyBuilder: 	at com.android.server.wm.DisplayAreaPolicyBuilder$HierarchyBuilder.addFeature(DisplayAreaPolicyBuilder.java:461)
05-28 17:37:29.038  1836  1836 D HierarchyBuilder: 	at com.android.server.wm.DisplayAreaPolicy$DefaultProvider.configureTrustedHierarchyBuilder(DisplayAreaPolicy.java:124)
05-28 17:37:29.038  1836  1836 D HierarchyBuilder: 	at com.android.server.wm.DisplayAreaPolicy$DefaultProvider.instantiate(DisplayAreaPolicy.java:112)
05-28 17:37:29.038  1836  1836 D HierarchyBuilder: 	at com.android.server.wm.DisplayContent.configureSurfaces(DisplayContent.java:1304)
05-28 17:37:29.038  1836  1836 D HierarchyBuilder: 	at com.android.server.wm.DisplayContent.<init>(DisplayContent.java:1207)
05-28 17:37:29.038  1836  1836 D HierarchyBuilder: 	at com.android.server.wm.RootWindowContainer.setWindowManager(RootWindowContainer.java:1273)
05-28 17:37:29.038  1836  1836 D HierarchyBuilder: 	at com.android.server.wm.ActivityTaskManagerService.setWindowManager(ActivityTaskManagerService.java:1040)
05-28 17:37:29.038  1836  1836 D HierarchyBuilder: 	at com.android.server.am.ActivityManagerService.setWindowManager(ActivityManagerService.java:2052)
05-28 17:37:29.038  1836  1836 D HierarchyBuilder: 	at com.android.server.SystemServer.startOtherServices(SystemServer.java:1615)
05-28 17:37:29.038  1836  1836 D HierarchyBuilder: 	at com.android.server.SystemServer.run(SystemServer.java:942)
05-28 17:37:29.038  1836  1836 D HierarchyBuilder: 	at com.android.server.SystemServer.main(SystemServer.java:664)
05-28 17:37:29.038  1836  1836 D HierarchyBuilder: 	at java.lang.reflect.Method.invoke(Native Method)
05-28 17:37:29.038  1836  1836 D HierarchyBuilder: 	at com.android.internal.os.RuntimeInit$MethodAndArgsCaller.run(RuntimeInit.java:552)
05-28 17:37:29.038  1836  1836 D HierarchyBuilder: 	at com.android.internal.os.ZygoteInit.main(ZygoteInit.java:949)
05-28 17:37:29.038  1836  1836 D HierarchyBuilder: Feature("HideDisplayCutout", 6}
05-28 17:37:29.038  1836  1836 D HierarchyBuilder: java.lang.Throwable
05-28 17:37:29.038  1836  1836 D HierarchyBuilder: 	at com.android.server.wm.DisplayAreaPolicyBuilder$HierarchyBuilder.addFeature(DisplayAreaPolicyBuilder.java:461)
05-28 17:37:29.038  1836  1836 D HierarchyBuilder: 	at com.android.server.wm.DisplayAreaPolicy$DefaultProvider.configureTrustedHierarchyBuilder(DisplayAreaPolicy.java:134)
05-28 17:37:29.038  1836  1836 D HierarchyBuilder: 	at com.android.server.wm.DisplayAreaPolicy$DefaultProvider.instantiate(DisplayAreaPolicy.java:112)
05-28 17:37:29.038  1836  1836 D HierarchyBuilder: 	at com.android.server.wm.DisplayContent.configureSurfaces(DisplayContent.java:1304)
05-28 17:37:29.038  1836  1836 D HierarchyBuilder: 	at com.android.server.wm.DisplayContent.<init>(DisplayContent.java:1207)
05-28 17:37:29.038  1836  1836 D HierarchyBuilder: 	at com.android.server.wm.RootWindowContainer.setWindowManager(RootWindowContainer.java:1273)
05-28 17:37:29.038  1836  1836 D HierarchyBuilder: 	at com.android.server.wm.ActivityTaskManagerService.setWindowManager(ActivityTaskManagerService.java:1040)
05-28 17:37:29.038  1836  1836 D HierarchyBuilder: 	at com.android.server.am.ActivityManagerService.setWindowManager(ActivityManagerService.java:2052)
05-28 17:37:29.038  1836  1836 D HierarchyBuilder: 	at com.android.server.SystemServer.startOtherServices(SystemServer.java:1615)
05-28 17:37:29.038  1836  1836 D HierarchyBuilder: 	at com.android.server.SystemServer.run(SystemServer.java:942)
05-28 17:37:29.038  1836  1836 D HierarchyBuilder: 	at com.android.server.SystemServer.main(SystemServer.java:664)
05-28 17:37:29.038  1836  1836 D HierarchyBuilder: 	at java.lang.reflect.Method.invoke(Native Method)
05-28 17:37:29.038  1836  1836 D HierarchyBuilder: 	at com.android.internal.os.RuntimeInit$MethodAndArgsCaller.run(RuntimeInit.java:552)
05-28 17:37:29.038  1836  1836 D HierarchyBuilder: 	at com.android.internal.os.ZygoteInit.main(ZygoteInit.java:949)
05-28 17:37:29.038  1836  1836 D HierarchyBuilder: Feature("OneHanded", 3}
05-28 17:37:29.038  1836  1836 D HierarchyBuilder: java.lang.Throwable
05-28 17:37:29.038  1836  1836 D HierarchyBuilder: 	at com.android.server.wm.DisplayAreaPolicyBuilder$HierarchyBuilder.addFeature(DisplayAreaPolicyBuilder.java:461)
05-28 17:37:29.038  1836  1836 D HierarchyBuilder: 	at com.android.server.wm.DisplayAreaPolicy$DefaultProvider.configureTrustedHierarchyBuilder(DisplayAreaPolicy.java:140)
05-28 17:37:29.038  1836  1836 D HierarchyBuilder: 	at com.android.server.wm.DisplayAreaPolicy$DefaultProvider.instantiate(DisplayAreaPolicy.java:112)
05-28 17:37:29.038  1836  1836 D HierarchyBuilder: 	at com.android.server.wm.DisplayContent.configureSurfaces(DisplayContent.java:1304)
05-28 17:37:29.038  1836  1836 D HierarchyBuilder: 	at com.android.server.wm.DisplayContent.<init>(DisplayContent.java:1207)
05-28 17:37:29.038  1836  1836 D HierarchyBuilder: 	at com.android.server.wm.RootWindowContainer.setWindowManager(RootWindowContainer.java:1273)
05-28 17:37:29.038  1836  1836 D HierarchyBuilder: 	at com.android.server.wm.ActivityTaskManagerService.setWindowManager(ActivityTaskManagerService.java:1040)
05-28 17:37:29.038  1836  1836 D HierarchyBuilder: 	at com.android.server.am.ActivityManagerService.setWindowManager(ActivityManagerService.java:2052)
05-28 17:37:29.038  1836  1836 D HierarchyBuilder: 	at com.android.server.SystemServer.startOtherServices(SystemServer.java:1615)
05-28 17:37:29.038  1836  1836 D HierarchyBuilder: 	at com.android.server.SystemServer.run(SystemServer.java:942)
05-28 17:37:29.038  1836  1836 D HierarchyBuilder: 	at com.android.server.SystemServer.main(SystemServer.java:664)
05-28 17:37:29.038  1836  1836 D HierarchyBuilder: 	at java.lang.reflect.Method.invoke(Native Method)
05-28 17:37:29.038  1836  1836 D HierarchyBuilder: 	at com.android.internal.os.RuntimeInit$MethodAndArgsCaller.run(RuntimeInit.java:552)
05-28 17:37:29.038  1836  1836 D HierarchyBuilder: 	at com.android.internal.os.ZygoteInit.main(ZygoteInit.java:949)
05-28 17:37:29.038  1836  1836 D HierarchyBuilder: Feature("FullscreenMagnification", 5}
05-28 17:37:29.038  1836  1836 D HierarchyBuilder: java.lang.Throwable
05-28 17:37:29.038  1836  1836 D HierarchyBuilder: 	at com.android.server.wm.DisplayAreaPolicyBuilder$HierarchyBuilder.addFeature(DisplayAreaPolicyBuilder.java:461)
05-28 17:37:29.038  1836  1836 D HierarchyBuilder: 	at com.android.server.wm.DisplayAreaPolicy$DefaultProvider.configureTrustedHierarchyBuilder(DisplayAreaPolicy.java:148)
05-28 17:37:29.038  1836  1836 D HierarchyBuilder: 	at com.android.server.wm.DisplayAreaPolicy$DefaultProvider.instantiate(DisplayAreaPolicy.java:112)
05-28 17:37:29.038  1836  1836 D HierarchyBuilder: 	at com.android.server.wm.DisplayContent.configureSurfaces(DisplayContent.java:1304)
05-28 17:37:29.038  1836  1836 D HierarchyBuilder: 	at com.android.server.wm.DisplayContent.<init>(DisplayContent.java:1207)
05-28 17:37:29.038  1836  1836 D HierarchyBuilder: 	at com.android.server.wm.RootWindowContainer.setWindowManager(RootWindowContainer.java:1273)
05-28 17:37:29.038  1836  1836 D HierarchyBuilder: 	at com.android.server.wm.ActivityTaskManagerService.setWindowManager(ActivityTaskManagerService.java:1040)
05-28 17:37:29.038  1836  1836 D HierarchyBuilder: 	at com.android.server.am.ActivityManagerService.setWindowManager(ActivityManagerService.java:2052)
05-28 17:37:29.038  1836  1836 D HierarchyBuilder: 	at com.android.server.SystemServer.startOtherServices(SystemServer.java:1615)
05-28 17:37:29.038  1836  1836 D HierarchyBuilder: 	at com.android.server.SystemServer.run(SystemServer.java:942)
05-28 17:37:29.038  1836  1836 D HierarchyBuilder: 	at com.android.server.SystemServer.main(SystemServer.java:664)
05-28 17:37:29.038  1836  1836 D HierarchyBuilder: 	at java.lang.reflect.Method.invoke(Native Method)
05-28 17:37:29.038  1836  1836 D HierarchyBuilder: 	at com.android.internal.os.RuntimeInit$MethodAndArgsCaller.run(RuntimeInit.java:552)
05-28 17:37:29.038  1836  1836 D HierarchyBuilder: 	at com.android.internal.os.ZygoteInit.main(ZygoteInit.java:949)
05-28 17:37:29.038  1836  1836 D HierarchyBuilder: Feature("ImePlaceholder", 7}
05-28 17:37:29.038  1836  1836 D HierarchyBuilder: java.lang.Throwable
05-28 17:37:29.038  1836  1836 D HierarchyBuilder: 	at com.android.server.wm.DisplayAreaPolicyBuilder$HierarchyBuilder.addFeature(DisplayAreaPolicyBuilder.java:461)
05-28 17:37:29.038  1836  1836 D HierarchyBuilder: 	at com.android.server.wm.DisplayAreaPolicy$DefaultProvider.configureTrustedHierarchyBuilder(DisplayAreaPolicy.java:155)
05-28 17:37:29.038  1836  1836 D HierarchyBuilder: 	at com.android.server.wm.DisplayAreaPolicy$DefaultProvider.instantiate(DisplayAreaPolicy.java:112)
05-28 17:37:29.038  1836  1836 D HierarchyBuilder: 	at com.android.server.wm.DisplayContent.configureSurfaces(DisplayContent.java:1304)
05-28 17:37:29.038  1836  1836 D HierarchyBuilder: 	at com.android.server.wm.DisplayContent.<init>(DisplayContent.java:1207)
05-28 17:37:29.038  1836  1836 D HierarchyBuilder: 	at com.android.server.wm.RootWindowContainer.setWindowManager(RootWindowContainer.java:1273)
05-28 17:37:29.038  1836  1836 D HierarchyBuilder: 	at com.android.server.wm.ActivityTaskManagerService.setWindowManager(ActivityTaskManagerService.java:1040)
05-28 17:37:29.038  1836  1836 D HierarchyBuilder: 	at com.android.server.am.ActivityManagerService.setWindowManager(ActivityManagerService.java:2052)
05-28 17:37:29.038  1836  1836 D HierarchyBuilder: 	at com.android.server.SystemServer.startOtherServices(SystemServer.java:1615)
05-28 17:37:29.038  1836  1836 D HierarchyBuilder: 	at com.android.server.SystemServer.run(SystemServer.java:942)
05-28 17:37:29.038  1836  1836 D HierarchyBuilder: 	at com.android.server.SystemServer.main(SystemServer.java:664)
05-28 17:37:29.038  1836  1836 D HierarchyBuilder: 	at java.lang.reflect.Method.invoke(Native Method)
05-28 17:37:29.038  1836  1836 D HierarchyBuilder: 	at com.android.internal.os.RuntimeInit$MethodAndArgsCaller.run(RuntimeInit.java:552)
05-28 17:37:29.038  1836  1836 D HierarchyBuilder: 	at com.android.internal.os.ZygoteInit.main(ZygoteInit.java:949)
05-28 17:37:29.040  1836  1836 D DisplayArea.Tokens: Type: BELOW_TASKS, name: Leaf:0:1, featureId: 2
05-28 17:37:29.040  1836  1836 D DisplayArea.Tokens: java.lang.Throwable
05-28 17:37:29.040  1836  1836 D DisplayArea.Tokens: 	at com.android.server.wm.DisplayArea$Tokens.<init>(DisplayArea.java:728)
05-28 17:37:29.040  1836  1836 D DisplayArea.Tokens: 	at com.android.server.wm.DisplayArea$Tokens.<init>(DisplayArea.java:722)
05-28 17:37:29.040  1836  1836 D DisplayArea.Tokens: 	at com.android.server.wm.DisplayAreaPolicyBuilder$PendingArea.createArea(DisplayAreaPolicyBuilder.java:957)
05-28 17:37:29.040  1836  1836 D DisplayArea.Tokens: 	at com.android.server.wm.DisplayAreaPolicyBuilder$PendingArea.instantiateChildren(DisplayAreaPolicyBuilder.java:921)
05-28 17:37:29.040  1836  1836 D DisplayArea.Tokens: 	at com.android.server.wm.DisplayAreaPolicyBuilder$PendingArea.instantiateChildren(DisplayAreaPolicyBuilder.java:931)
05-28 17:37:29.040  1836  1836 D DisplayArea.Tokens: 	at com.android.server.wm.DisplayAreaPolicyBuilder$PendingArea.instantiateChildren(DisplayAreaPolicyBuilder.java:931)
05-28 17:37:29.040  1836  1836 D DisplayArea.Tokens: 	at com.android.server.wm.DisplayAreaPolicyBuilder$PendingArea.instantiateChildren(DisplayAreaPolicyBuilder.java:931)
05-28 17:37:29.040  1836  1836 D DisplayArea.Tokens: 	at com.android.server.wm.DisplayAreaPolicyBuilder$PendingArea.instantiateChildren(DisplayAreaPolicyBuilder.java:931)
05-28 17:37:29.040  1836  1836 D DisplayArea.Tokens: 	at com.android.server.wm.DisplayAreaPolicyBuilder$HierarchyBuilder.build(DisplayAreaPolicyBuilder.java:593)
05-28 17:37:29.040  1836  1836 D DisplayArea.Tokens: 	at com.android.server.wm.DisplayAreaPolicyBuilder$HierarchyBuilder.-$$Nest$mbuild(DisplayAreaPolicyBuilder.java:0)
05-28 17:37:29.040  1836  1836 D DisplayArea.Tokens: 	at com.android.server.wm.DisplayAreaPolicyBuilder.build(DisplayAreaPolicyBuilder.java:336)
05-28 17:37:29.040  1836  1836 D DisplayArea.Tokens: 	at com.android.server.wm.DisplayAreaPolicy$DefaultProvider.instantiate(DisplayAreaPolicy.java:117)
05-28 17:37:29.040  1836  1836 D DisplayArea.Tokens: 	at com.android.server.wm.DisplayContent.configureSurfaces(DisplayContent.java:1304)
05-28 17:37:29.040  1836  1836 D DisplayArea.Tokens: 	at com.android.server.wm.DisplayContent.<init>(DisplayContent.java:1207)
05-28 17:37:29.040  1836  1836 D DisplayArea.Tokens: 	at com.android.server.wm.RootWindowContainer.setWindowManager(RootWindowContainer.java:1273)
05-28 17:37:29.040  1836  1836 D DisplayArea.Tokens: 	at com.android.server.wm.ActivityTaskManagerService.setWindowManager(ActivityTaskManagerService.java:1040)
05-28 17:37:29.040  1836  1836 D DisplayArea.Tokens: 	at com.android.server.am.ActivityManagerService.setWindowManager(ActivityManagerService.java:2052)
05-28 17:37:29.040  1836  1836 D DisplayArea.Tokens: 	at com.android.server.SystemServer.startOtherServices(SystemServer.java:1615)
05-28 17:37:29.040  1836  1836 D DisplayArea.Tokens: 	at com.android.server.SystemServer.run(SystemServer.java:942)
05-28 17:37:29.040  1836  1836 D DisplayArea.Tokens: 	at com.android.server.SystemServer.main(SystemServer.java:664)
05-28 17:37:29.040  1836  1836 D DisplayArea.Tokens: 	at java.lang.reflect.Method.invoke(Native Method)
05-28 17:37:29.040  1836  1836 D DisplayArea.Tokens: 	at com.android.internal.os.RuntimeInit$MethodAndArgsCaller.run(RuntimeInit.java:552)
05-28 17:37:29.040  1836  1836 D DisplayArea.Tokens: 	at com.android.internal.os.ZygoteInit.main(ZygoteInit.java:949)
05-28 17:37:29.041  1836  1836 D DisplayArea.Tokens: Type: ABOVE_TASKS, name: Leaf:3:12, featureId: 2
05-28 17:37:29.041  1836  1836 D DisplayArea.Tokens: java.lang.Throwable
05-28 17:37:29.041  1836  1836 D DisplayArea.Tokens: 	at com.android.server.wm.DisplayArea$Tokens.<init>(DisplayArea.java:728)
05-28 17:37:29.041  1836  1836 D DisplayArea.Tokens: 	at com.android.server.wm.DisplayArea$Tokens.<init>(DisplayArea.java:722)
05-28 17:37:29.041  1836  1836 D DisplayArea.Tokens: 	at com.android.server.wm.DisplayAreaPolicyBuilder$PendingArea.createArea(DisplayAreaPolicyBuilder.java:957)
05-28 17:37:29.041  1836  1836 D DisplayArea.Tokens: 	at com.android.server.wm.DisplayAreaPolicyBuilder$PendingArea.instantiateChildren(DisplayAreaPolicyBuilder.java:921)
05-28 17:37:29.041  1836  1836 D DisplayArea.Tokens: 	at com.android.server.wm.DisplayAreaPolicyBuilder$PendingArea.instantiateChildren(DisplayAreaPolicyBuilder.java:931)
05-28 17:37:29.041  1836  1836 D DisplayArea.Tokens: 	at com.android.server.wm.DisplayAreaPolicyBuilder$PendingArea.instantiateChildren(DisplayAreaPolicyBuilder.java:931)
05-28 17:37:29.041  1836  1836 D DisplayArea.Tokens: 	at com.android.server.wm.DisplayAreaPolicyBuilder$PendingArea.instantiateChildren(DisplayAreaPolicyBuilder.java:931)
05-28 17:37:29.041  1836  1836 D DisplayArea.Tokens: 	at com.android.server.wm.DisplayAreaPolicyBuilder$PendingArea.instantiateChildren(DisplayAreaPolicyBuilder.java:931)
05-28 17:37:29.041  1836  1836 D DisplayArea.Tokens: 	at com.android.server.wm.DisplayAreaPolicyBuilder$HierarchyBuilder.build(DisplayAreaPolicyBuilder.java:593)
05-28 17:37:29.041  1836  1836 D DisplayArea.Tokens: 	at com.android.server.wm.DisplayAreaPolicyBuilder$HierarchyBuilder.-$$Nest$mbuild(DisplayAreaPolicyBuilder.java:0)
05-28 17:37:29.041  1836  1836 D DisplayArea.Tokens: 	at com.android.server.wm.DisplayAreaPolicyBuilder.build(DisplayAreaPolicyBuilder.java:336)
05-28 17:37:29.041  1836  1836 D DisplayArea.Tokens: 	at com.android.server.wm.DisplayAreaPolicy$DefaultProvider.instantiate(DisplayAreaPolicy.java:117)
05-28 17:37:29.041  1836  1836 D DisplayArea.Tokens: 	at com.android.server.wm.DisplayContent.configureSurfaces(DisplayContent.java:1304)
05-28 17:37:29.041  1836  1836 D DisplayArea.Tokens: 	at com.android.server.wm.DisplayContent.<init>(DisplayContent.java:1207)
05-28 17:37:29.041  1836  1836 D DisplayArea.Tokens: 	at com.android.server.wm.RootWindowContainer.setWindowManager(RootWindowContainer.java:1273)
05-28 17:37:29.041  1836  1836 D DisplayArea.Tokens: 	at com.android.server.wm.ActivityTaskManagerService.setWindowManager(ActivityTaskManagerService.java:1040)
05-28 17:37:29.041  1836  1836 D DisplayArea.Tokens: 	at com.android.server.am.ActivityManagerService.setWindowManager(ActivityManagerService.java:2052)
05-28 17:37:29.041  1836  1836 D DisplayArea.Tokens: 	at com.android.server.SystemServer.startOtherServices(SystemServer.java:1615)
05-28 17:37:29.041  1836  1836 D DisplayArea.Tokens: 	at com.android.server.SystemServer.run(SystemServer.java:942)
05-28 17:37:29.041  1836  1836 D DisplayArea.Tokens: 	at com.android.server.SystemServer.main(SystemServer.java:664)
05-28 17:37:29.041  1836  1836 D DisplayArea.Tokens: 	at java.lang.reflect.Method.invoke(Native Method)
05-28 17:37:29.041  1836  1836 D DisplayArea.Tokens: 	at com.android.internal.os.RuntimeInit$MethodAndArgsCaller.run(RuntimeInit.java:552)
05-28 17:37:29.041  1836  1836 D DisplayArea.Tokens: 	at com.android.internal.os.ZygoteInit.main(ZygoteInit.java:949)
05-28 17:37:29.042  1836  1836 D DisplayArea.Tokens: Type: ABOVE_TASKS, name: Leaf:15:15, featureId: 2
05-28 17:37:29.042  1836  1836 D DisplayArea.Tokens: java.lang.Throwable
05-28 17:37:29.042  1836  1836 D DisplayArea.Tokens: 	at com.android.server.wm.DisplayArea$Tokens.<init>(DisplayArea.java:728)
05-28 17:37:29.042  1836  1836 D DisplayArea.Tokens: 	at com.android.server.wm.DisplayArea$Tokens.<init>(DisplayArea.java:722)
05-28 17:37:29.042  1836  1836 D DisplayArea.Tokens: 	at com.android.server.wm.DisplayAreaPolicyBuilder$PendingArea.createArea(DisplayAreaPolicyBuilder.java:957)
05-28 17:37:29.042  1836  1836 D DisplayArea.Tokens: 	at com.android.server.wm.DisplayAreaPolicyBuilder$PendingArea.instantiateChildren(DisplayAreaPolicyBuilder.java:921)
05-28 17:37:29.042  1836  1836 D DisplayArea.Tokens: 	at com.android.server.wm.DisplayAreaPolicyBuilder$PendingArea.instantiateChildren(DisplayAreaPolicyBuilder.java:931)
05-28 17:37:29.042  1836  1836 D DisplayArea.Tokens: 	at com.android.server.wm.DisplayAreaPolicyBuilder$PendingArea.instantiateChildren(DisplayAreaPolicyBuilder.java:931)
05-28 17:37:29.042  1836  1836 D DisplayArea.Tokens: 	at com.android.server.wm.DisplayAreaPolicyBuilder$PendingArea.instantiateChildren(DisplayAreaPolicyBuilder.java:931)
05-28 17:37:29.042  1836  1836 D DisplayArea.Tokens: 	at com.android.server.wm.DisplayAreaPolicyBuilder$HierarchyBuilder.build(DisplayAreaPolicyBuilder.java:593)
05-28 17:37:29.042  1836  1836 D DisplayArea.Tokens: 	at com.android.server.wm.DisplayAreaPolicyBuilder$HierarchyBuilder.-$$Nest$mbuild(DisplayAreaPolicyBuilder.java:0)
05-28 17:37:29.042  1836  1836 D DisplayArea.Tokens: 	at com.android.server.wm.DisplayAreaPolicyBuilder.build(DisplayAreaPolicyBuilder.java:336)
05-28 17:37:29.042  1836  1836 D DisplayArea.Tokens: 	at com.android.server.wm.DisplayAreaPolicy$DefaultProvider.instantiate(DisplayAreaPolicy.java:117)
05-28 17:37:29.042  1836  1836 D DisplayArea.Tokens: 	at com.android.server.wm.DisplayContent.configureSurfaces(DisplayContent.java:1304)
05-28 17:37:29.042  1836  1836 D DisplayArea.Tokens: 	at com.android.server.wm.DisplayContent.<init>(DisplayContent.java:1207)
05-28 17:37:29.042  1836  1836 D DisplayArea.Tokens: 	at com.android.server.wm.RootWindowContainer.setWindowManager(RootWindowContainer.java:1273)
05-28 17:37:29.042  1836  1836 D DisplayArea.Tokens: 	at com.android.server.wm.ActivityTaskManagerService.setWindowManager(ActivityTaskManagerService.java:1040)
05-28 17:37:29.042  1836  1836 D DisplayArea.Tokens: 	at com.android.server.am.ActivityManagerService.setWindowManager(ActivityManagerService.java:2052)
05-28 17:37:29.042  1836  1836 D DisplayArea.Tokens: 	at com.android.server.SystemServer.startOtherServices(SystemServer.java:1615)
05-28 17:37:29.042  1836  1836 D DisplayArea.Tokens: 	at com.android.server.SystemServer.run(SystemServer.java:942)
05-28 17:37:29.042  1836  1836 D DisplayArea.Tokens: 	at com.android.server.SystemServer.main(SystemServer.java:664)
05-28 17:37:29.042  1836  1836 D DisplayArea.Tokens: 	at java.lang.reflect.Method.invoke(Native Method)
05-28 17:37:29.042  1836  1836 D DisplayArea.Tokens: 	at com.android.internal.os.RuntimeInit$MethodAndArgsCaller.run(RuntimeInit.java:552)
05-28 17:37:29.042  1836  1836 D DisplayArea.Tokens: 	at com.android.internal.os.ZygoteInit.main(ZygoteInit.java:949)
05-28 17:37:29.043  1836  1836 D DisplayArea.Tokens: Type: ABOVE_TASKS, name: Leaf:16:16, featureId: 2
05-28 17:37:29.043  1836  1836 D DisplayArea.Tokens: java.lang.Throwable
05-28 17:37:29.043  1836  1836 D DisplayArea.Tokens: 	at com.android.server.wm.DisplayArea$Tokens.<init>(DisplayArea.java:728)
05-28 17:37:29.043  1836  1836 D DisplayArea.Tokens: 	at com.android.server.wm.DisplayArea$Tokens.<init>(DisplayArea.java:722)
05-28 17:37:29.043  1836  1836 D DisplayArea.Tokens: 	at com.android.server.wm.DisplayAreaPolicyBuilder$PendingArea.createArea(DisplayAreaPolicyBuilder.java:957)
05-28 17:37:29.043  1836  1836 D DisplayArea.Tokens: 	at com.android.server.wm.DisplayAreaPolicyBuilder$PendingArea.instantiateChildren(DisplayAreaPolicyBuilder.java:921)
05-28 17:37:29.043  1836  1836 D DisplayArea.Tokens: 	at com.android.server.wm.DisplayAreaPolicyBuilder$PendingArea.instantiateChildren(DisplayAreaPolicyBuilder.java:931)
05-28 17:37:29.043  1836  1836 D DisplayArea.Tokens: 	at com.android.server.wm.DisplayAreaPolicyBuilder$PendingArea.instantiateChildren(DisplayAreaPolicyBuilder.java:931)
05-28 17:37:29.043  1836  1836 D DisplayArea.Tokens: 	at com.android.server.wm.DisplayAreaPolicyBuilder$PendingArea.instantiateChildren(DisplayAreaPolicyBuilder.java:931)
05-28 17:37:29.043  1836  1836 D DisplayArea.Tokens: 	at com.android.server.wm.DisplayAreaPolicyBuilder$PendingArea.instantiateChildren(DisplayAreaPolicyBuilder.java:931)
05-28 17:37:29.043  1836  1836 D DisplayArea.Tokens: 	at com.android.server.wm.DisplayAreaPolicyBuilder$HierarchyBuilder.build(DisplayAreaPolicyBuilder.java:593)
05-28 17:37:29.043  1836  1836 D DisplayArea.Tokens: 	at com.android.server.wm.DisplayAreaPolicyBuilder$HierarchyBuilder.-$$Nest$mbuild(DisplayAreaPolicyBuilder.java:0)
05-28 17:37:29.043  1836  1836 D DisplayArea.Tokens: 	at com.android.server.wm.DisplayAreaPolicyBuilder.build(DisplayAreaPolicyBuilder.java:336)
05-28 17:37:29.043  1836  1836 D DisplayArea.Tokens: 	at com.android.server.wm.DisplayAreaPolicy$DefaultProvider.instantiate(DisplayAreaPolicy.java:117)
05-28 17:37:29.043  1836  1836 D DisplayArea.Tokens: 	at com.android.server.wm.DisplayContent.configureSurfaces(DisplayContent.java:1304)
05-28 17:37:29.043  1836  1836 D DisplayArea.Tokens: 	at com.android.server.wm.DisplayContent.<init>(DisplayContent.java:1207)
05-28 17:37:29.043  1836  1836 D DisplayArea.Tokens: 	at com.android.server.wm.RootWindowContainer.setWindowManager(RootWindowContainer.java:1273)
05-28 17:37:29.043  1836  1836 D DisplayArea.Tokens: 	at com.android.server.wm.ActivityTaskManagerService.setWindowManager(ActivityTaskManagerService.java:1040)
05-28 17:37:29.043  1836  1836 D DisplayArea.Tokens: 	at com.android.server.am.ActivityManagerService.setWindowManager(ActivityManagerService.java:2052)
05-28 17:37:29.043  1836  1836 D DisplayArea.Tokens: 	at com.android.server.SystemServer.startOtherServices(SystemServer.java:1615)
05-28 17:37:29.043  1836  1836 D DisplayArea.Tokens: 	at com.android.server.SystemServer.run(SystemServer.java:942)
05-28 17:37:29.043  1836  1836 D DisplayArea.Tokens: 	at com.android.server.SystemServer.main(SystemServer.java:664)
05-28 17:37:29.043  1836  1836 D DisplayArea.Tokens: 	at java.lang.reflect.Method.invoke(Native Method)
05-28 17:37:29.043  1836  1836 D DisplayArea.Tokens: 	at com.android.internal.os.RuntimeInit$MethodAndArgsCaller.run(RuntimeInit.java:552)
05-28 17:37:29.043  1836  1836 D DisplayArea.Tokens: 	at com.android.internal.os.ZygoteInit.main(ZygoteInit.java:949)
05-28 17:37:29.044  1836  1836 D DisplayArea.Tokens: Type: ABOVE_TASKS, name: Leaf:17:17, featureId: 2
05-28 17:37:29.044  1836  1836 D DisplayArea.Tokens: java.lang.Throwable
05-28 17:37:29.044  1836  1836 D DisplayArea.Tokens: 	at com.android.server.wm.DisplayArea$Tokens.<init>(DisplayArea.java:728)
05-28 17:37:29.044  1836  1836 D DisplayArea.Tokens: 	at com.android.server.wm.DisplayArea$Tokens.<init>(DisplayArea.java:722)
05-28 17:37:29.044  1836  1836 D DisplayArea.Tokens: 	at com.android.server.wm.DisplayAreaPolicyBuilder$PendingArea.createArea(DisplayAreaPolicyBuilder.java:957)
05-28 17:37:29.044  1836  1836 D DisplayArea.Tokens: 	at com.android.server.wm.DisplayAreaPolicyBuilder$PendingArea.instantiateChildren(DisplayAreaPolicyBuilder.java:921)
05-28 17:37:29.044  1836  1836 D DisplayArea.Tokens: 	at com.android.server.wm.DisplayAreaPolicyBuilder$PendingArea.instantiateChildren(DisplayAreaPolicyBuilder.java:931)
05-28 17:37:29.044  1836  1836 D DisplayArea.Tokens: 	at com.android.server.wm.DisplayAreaPolicyBuilder$PendingArea.instantiateChildren(DisplayAreaPolicyBuilder.java:931)
05-28 17:37:29.044  1836  1836 D DisplayArea.Tokens: 	at com.android.server.wm.DisplayAreaPolicyBuilder$PendingArea.instantiateChildren(DisplayAreaPolicyBuilder.java:931)
05-28 17:37:29.044  1836  1836 D DisplayArea.Tokens: 	at com.android.server.wm.DisplayAreaPolicyBuilder$HierarchyBuilder.build(DisplayAreaPolicyBuilder.java:593)
05-28 17:37:29.044  1836  1836 D DisplayArea.Tokens: 	at com.android.server.wm.DisplayAreaPolicyBuilder$HierarchyBuilder.-$$Nest$mbuild(DisplayAreaPolicyBuilder.java:0)
05-28 17:37:29.044  1836  1836 D DisplayArea.Tokens: 	at com.android.server.wm.DisplayAreaPolicyBuilder.build(DisplayAreaPolicyBuilder.java:336)
05-28 17:37:29.044  1836  1836 D DisplayArea.Tokens: 	at com.android.server.wm.DisplayAreaPolicy$DefaultProvider.instantiate(DisplayAreaPolicy.java:117)
05-28 17:37:29.044  1836  1836 D DisplayArea.Tokens: 	at com.android.server.wm.DisplayContent.configureSurfaces(DisplayContent.java:1304)
05-28 17:37:29.044  1836  1836 D DisplayArea.Tokens: 	at com.android.server.wm.DisplayContent.<init>(DisplayContent.java:1207)
05-28 17:37:29.044  1836  1836 D DisplayArea.Tokens: 	at com.android.server.wm.RootWindowContainer.setWindowManager(RootWindowContainer.java:1273)
05-28 17:37:29.044  1836  1836 D DisplayArea.Tokens: 	at com.android.server.wm.ActivityTaskManagerService.setWindowManager(ActivityTaskManagerService.java:1040)
05-28 17:37:29.044  1836  1836 D DisplayArea.Tokens: 	at com.android.server.am.ActivityManagerService.setWindowManager(ActivityManagerService.java:2052)
05-28 17:37:29.044  1836  1836 D DisplayArea.Tokens: 	at com.android.server.SystemServer.startOtherServices(SystemServer.java:1615)
05-28 17:37:29.044  1836  1836 D DisplayArea.Tokens: 	at com.android.server.SystemServer.run(SystemServer.java:942)
05-28 17:37:29.044  1836  1836 D DisplayArea.Tokens: 	at com.android.server.SystemServer.main(SystemServer.java:664)
05-28 17:37:29.044  1836  1836 D DisplayArea.Tokens: 	at java.lang.reflect.Method.invoke(Native Method)
05-28 17:37:29.044  1836  1836 D DisplayArea.Tokens: 	at com.android.internal.os.RuntimeInit$MethodAndArgsCaller.run(RuntimeInit.java:552)
05-28 17:37:29.044  1836  1836 D DisplayArea.Tokens: 	at com.android.internal.os.ZygoteInit.main(ZygoteInit.java:949)
05-28 17:37:29.045  1836  1836 D DisplayArea.Tokens: Type: ABOVE_TASKS, name: Leaf:18:23, featureId: 2
05-28 17:37:29.045  1836  1836 D DisplayArea.Tokens: java.lang.Throwable
05-28 17:37:29.045  1836  1836 D DisplayArea.Tokens: 	at com.android.server.wm.DisplayArea$Tokens.<init>(DisplayArea.java:728)
05-28 17:37:29.045  1836  1836 D DisplayArea.Tokens: 	at com.android.server.wm.DisplayArea$Tokens.<init>(DisplayArea.java:722)
05-28 17:37:29.045  1836  1836 D DisplayArea.Tokens: 	at com.android.server.wm.DisplayAreaPolicyBuilder$PendingArea.createArea(DisplayAreaPolicyBuilder.java:957)
05-28 17:37:29.045  1836  1836 D DisplayArea.Tokens: 	at com.android.server.wm.DisplayAreaPolicyBuilder$PendingArea.instantiateChildren(DisplayAreaPolicyBuilder.java:921)
05-28 17:37:29.045  1836  1836 D DisplayArea.Tokens: 	at com.android.server.wm.DisplayAreaPolicyBuilder$PendingArea.instantiateChildren(DisplayAreaPolicyBuilder.java:931)
05-28 17:37:29.045  1836  1836 D DisplayArea.Tokens: 	at com.android.server.wm.DisplayAreaPolicyBuilder$PendingArea.instantiateChildren(DisplayAreaPolicyBuilder.java:931)
05-28 17:37:29.045  1836  1836 D DisplayArea.Tokens: 	at com.android.server.wm.DisplayAreaPolicyBuilder$PendingArea.instantiateChildren(DisplayAreaPolicyBuilder.java:931)
05-28 17:37:29.045  1836  1836 D DisplayArea.Tokens: 	at com.android.server.wm.DisplayAreaPolicyBuilder$PendingArea.instantiateChildren(DisplayAreaPolicyBuilder.java:931)
05-28 17:37:29.045  1836  1836 D DisplayArea.Tokens: 	at com.android.server.wm.DisplayAreaPolicyBuilder$HierarchyBuilder.build(DisplayAreaPolicyBuilder.java:593)
05-28 17:37:29.045  1836  1836 D DisplayArea.Tokens: 	at com.android.server.wm.DisplayAreaPolicyBuilder$HierarchyBuilder.-$$Nest$mbuild(DisplayAreaPolicyBuilder.java:0)
05-28 17:37:29.045  1836  1836 D DisplayArea.Tokens: 	at com.android.server.wm.DisplayAreaPolicyBuilder.build(DisplayAreaPolicyBuilder.java:336)
05-28 17:37:29.045  1836  1836 D DisplayArea.Tokens: 	at com.android.server.wm.DisplayAreaPolicy$DefaultProvider.instantiate(DisplayAreaPolicy.java:117)
05-28 17:37:29.045  1836  1836 D DisplayArea.Tokens: 	at com.android.server.wm.DisplayContent.configureSurfaces(DisplayContent.java:1304)
05-28 17:37:29.045  1836  1836 D DisplayArea.Tokens: 	at com.android.server.wm.DisplayContent.<init>(DisplayContent.java:1207)
05-28 17:37:29.045  1836  1836 D DisplayArea.Tokens: 	at com.android.server.wm.RootWindowContainer.setWindowManager(RootWindowContainer.java:1273)
05-28 17:37:29.045  1836  1836 D DisplayArea.Tokens: 	at com.android.server.wm.ActivityTaskManagerService.setWindowManager(ActivityTaskManagerService.java:1040)
05-28 17:37:29.045  1836  1836 D DisplayArea.Tokens: 	at com.android.server.am.ActivityManagerService.setWindowManager(ActivityManagerService.java:2052)
05-28 17:37:29.045  1836  1836 D DisplayArea.Tokens: 	at com.android.server.SystemServer.startOtherServices(SystemServer.java:1615)
05-28 17:37:29.045  1836  1836 D DisplayArea.Tokens: 	at com.android.server.SystemServer.run(SystemServer.java:942)
05-28 17:37:29.045  1836  1836 D DisplayArea.Tokens: 	at com.android.server.SystemServer.main(SystemServer.java:664)
05-28 17:37:29.045  1836  1836 D DisplayArea.Tokens: 	at java.lang.reflect.Method.invoke(Native Method)
05-28 17:37:29.045  1836  1836 D DisplayArea.Tokens: 	at com.android.internal.os.RuntimeInit$MethodAndArgsCaller.run(RuntimeInit.java:552)
05-28 17:37:29.045  1836  1836 D DisplayArea.Tokens: 	at com.android.internal.os.ZygoteInit.main(ZygoteInit.java:949)
05-28 17:37:29.046  1836  1836 D DisplayArea.Tokens: Type: ABOVE_TASKS, name: Leaf:24:25, featureId: 2
05-28 17:37:29.046  1836  1836 D DisplayArea.Tokens: java.lang.Throwable
05-28 17:37:29.046  1836  1836 D DisplayArea.Tokens: 	at com.android.server.wm.DisplayArea$Tokens.<init>(DisplayArea.java:728)
05-28 17:37:29.046  1836  1836 D DisplayArea.Tokens: 	at com.android.server.wm.DisplayArea$Tokens.<init>(DisplayArea.java:722)
05-28 17:37:29.046  1836  1836 D DisplayArea.Tokens: 	at com.android.server.wm.DisplayAreaPolicyBuilder$PendingArea.createArea(DisplayAreaPolicyBuilder.java:957)
05-28 17:37:29.046  1836  1836 D DisplayArea.Tokens: 	at com.android.server.wm.DisplayAreaPolicyBuilder$PendingArea.instantiateChildren(DisplayAreaPolicyBuilder.java:921)
05-28 17:37:29.046  1836  1836 D DisplayArea.Tokens: 	at com.android.server.wm.DisplayAreaPolicyBuilder$PendingArea.instantiateChildren(DisplayAreaPolicyBuilder.java:931)
05-28 17:37:29.046  1836  1836 D DisplayArea.Tokens: 	at com.android.server.wm.DisplayAreaPolicyBuilder$HierarchyBuilder.build(DisplayAreaPolicyBuilder.java:593)
05-28 17:37:29.046  1836  1836 D DisplayArea.Tokens: 	at com.android.server.wm.DisplayAreaPolicyBuilder$HierarchyBuilder.-$$Nest$mbuild(DisplayAreaPolicyBuilder.java:0)
05-28 17:37:29.046  1836  1836 D DisplayArea.Tokens: 	at com.android.server.wm.DisplayAreaPolicyBuilder.build(DisplayAreaPolicyBuilder.java:336)
05-28 17:37:29.046  1836  1836 D DisplayArea.Tokens: 	at com.android.server.wm.DisplayAreaPolicy$DefaultProvider.instantiate(DisplayAreaPolicy.java:117)
05-28 17:37:29.046  1836  1836 D DisplayArea.Tokens: 	at com.android.server.wm.DisplayContent.configureSurfaces(DisplayContent.java:1304)
05-28 17:37:29.046  1836  1836 D DisplayArea.Tokens: 	at com.android.server.wm.DisplayContent.<init>(DisplayContent.java:1207)
05-28 17:37:29.046  1836  1836 D DisplayArea.Tokens: 	at com.android.server.wm.RootWindowContainer.setWindowManager(RootWindowContainer.java:1273)
05-28 17:37:29.046  1836  1836 D DisplayArea.Tokens: 	at com.android.server.wm.ActivityTaskManagerService.setWindowManager(ActivityTaskManagerService.java:1040)
05-28 17:37:29.046  1836  1836 D DisplayArea.Tokens: 	at com.android.server.am.ActivityManagerService.setWindowManager(ActivityManagerService.java:2052)
05-28 17:37:29.046  1836  1836 D DisplayArea.Tokens: 	at com.android.server.SystemServer.startOtherServices(SystemServer.java:1615)
05-28 17:37:29.046  1836  1836 D DisplayArea.Tokens: 	at com.android.server.SystemServer.run(SystemServer.java:942)
05-28 17:37:29.046  1836  1836 D DisplayArea.Tokens: 	at com.android.server.SystemServer.main(SystemServer.java:664)
05-28 17:37:29.046  1836  1836 D DisplayArea.Tokens: 	at java.lang.reflect.Method.invoke(Native Method)
05-28 17:37:29.046  1836  1836 D DisplayArea.Tokens: 	at com.android.internal.os.RuntimeInit$MethodAndArgsCaller.run(RuntimeInit.java:552)
05-28 17:37:29.046  1836  1836 D DisplayArea.Tokens: 	at com.android.internal.os.ZygoteInit.main(ZygoteInit.java:949)
05-28 17:37:29.047  1836  1836 D DisplayArea.Tokens: Type: ABOVE_TASKS, name: Leaf:26:27, featureId: 2
05-28 17:37:29.047  1836  1836 D DisplayArea.Tokens: java.lang.Throwable
05-28 17:37:29.047  1836  1836 D DisplayArea.Tokens: 	at com.android.server.wm.DisplayArea$Tokens.<init>(DisplayArea.java:728)
05-28 17:37:29.047  1836  1836 D DisplayArea.Tokens: 	at com.android.server.wm.DisplayArea$Tokens.<init>(DisplayArea.java:722)
05-28 17:37:29.047  1836  1836 D DisplayArea.Tokens: 	at com.android.server.wm.DisplayAreaPolicyBuilder$PendingArea.createArea(DisplayAreaPolicyBuilder.java:957)
05-28 17:37:29.047  1836  1836 D DisplayArea.Tokens: 	at com.android.server.wm.DisplayAreaPolicyBuilder$PendingArea.instantiateChildren(DisplayAreaPolicyBuilder.java:921)
05-28 17:37:29.047  1836  1836 D DisplayArea.Tokens: 	at com.android.server.wm.DisplayAreaPolicyBuilder$PendingArea.instantiateChildren(DisplayAreaPolicyBuilder.java:931)
05-28 17:37:29.047  1836  1836 D DisplayArea.Tokens: 	at com.android.server.wm.DisplayAreaPolicyBuilder$PendingArea.instantiateChildren(DisplayAreaPolicyBuilder.java:931)
05-28 17:37:29.047  1836  1836 D DisplayArea.Tokens: 	at com.android.server.wm.DisplayAreaPolicyBuilder$PendingArea.instantiateChildren(DisplayAreaPolicyBuilder.java:931)
05-28 17:37:29.047  1836  1836 D DisplayArea.Tokens: 	at com.android.server.wm.DisplayAreaPolicyBuilder$PendingArea.instantiateChildren(DisplayAreaPolicyBuilder.java:931)
05-28 17:37:29.047  1836  1836 D DisplayArea.Tokens: 	at com.android.server.wm.DisplayAreaPolicyBuilder$HierarchyBuilder.build(DisplayAreaPolicyBuilder.java:593)
05-28 17:37:29.047  1836  1836 D DisplayArea.Tokens: 	at com.android.server.wm.DisplayAreaPolicyBuilder$HierarchyBuilder.-$$Nest$mbuild(DisplayAreaPolicyBuilder.java:0)
05-28 17:37:29.047  1836  1836 D DisplayArea.Tokens: 	at com.android.server.wm.DisplayAreaPolicyBuilder.build(DisplayAreaPolicyBuilder.java:336)
05-28 17:37:29.047  1836  1836 D DisplayArea.Tokens: 	at com.android.server.wm.DisplayAreaPolicy$DefaultProvider.instantiate(DisplayAreaPolicy.java:117)
05-28 17:37:29.047  1836  1836 D DisplayArea.Tokens: 	at com.android.server.wm.DisplayContent.configureSurfaces(DisplayContent.java:1304)
05-28 17:37:29.047  1836  1836 D DisplayArea.Tokens: 	at com.android.server.wm.DisplayContent.<init>(DisplayContent.java:1207)
05-28 17:37:29.047  1836  1836 D DisplayArea.Tokens: 	at com.android.server.wm.RootWindowContainer.setWindowManager(RootWindowContainer.java:1273)
05-28 17:37:29.047  1836  1836 D DisplayArea.Tokens: 	at com.android.server.wm.ActivityTaskManagerService.setWindowManager(ActivityTaskManagerService.java:1040)
05-28 17:37:29.047  1836  1836 D DisplayArea.Tokens: 	at com.android.server.am.ActivityManagerService.setWindowManager(ActivityManagerService.java:2052)
05-28 17:37:29.047  1836  1836 D DisplayArea.Tokens: 	at com.android.server.SystemServer.startOtherServices(SystemServer.java:1615)
05-28 17:37:29.047  1836  1836 D DisplayArea.Tokens: 	at com.android.server.SystemServer.run(SystemServer.java:942)
05-28 17:37:29.047  1836  1836 D DisplayArea.Tokens: 	at com.android.server.SystemServer.main(SystemServer.java:664)
05-28 17:37:29.047  1836  1836 D DisplayArea.Tokens: 	at java.lang.reflect.Method.invoke(Native Method)
05-28 17:37:29.047  1836  1836 D DisplayArea.Tokens: 	at com.android.internal.os.RuntimeInit$MethodAndArgsCaller.run(RuntimeInit.java:552)
05-28 17:37:29.047  1836  1836 D DisplayArea.Tokens: 	at com.android.internal.os.ZygoteInit.main(ZygoteInit.java:949)
05-28 17:37:29.047  1836  1836 D DisplayArea.Tokens: Type: ABOVE_TASKS, name: Leaf:28:28, featureId: 2
05-28 17:37:29.047  1836  1836 D DisplayArea.Tokens: java.lang.Throwable
05-28 17:37:29.047  1836  1836 D DisplayArea.Tokens: 	at com.android.server.wm.DisplayArea$Tokens.<init>(DisplayArea.java:728)
05-28 17:37:29.047  1836  1836 D DisplayArea.Tokens: 	at com.android.server.wm.DisplayArea$Tokens.<init>(DisplayArea.java:722)
05-28 17:37:29.047  1836  1836 D DisplayArea.Tokens: 	at com.android.server.wm.DisplayAreaPolicyBuilder$PendingArea.createArea(DisplayAreaPolicyBuilder.java:957)
05-28 17:37:29.047  1836  1836 D DisplayArea.Tokens: 	at com.android.server.wm.DisplayAreaPolicyBuilder$PendingArea.instantiateChildren(DisplayAreaPolicyBuilder.java:921)
05-28 17:37:29.047  1836  1836 D DisplayArea.Tokens: 	at com.android.server.wm.DisplayAreaPolicyBuilder$PendingArea.instantiateChildren(DisplayAreaPolicyBuilder.java:931)
05-28 17:37:29.047  1836  1836 D DisplayArea.Tokens: 	at com.android.server.wm.DisplayAreaPolicyBuilder$PendingArea.instantiateChildren(DisplayAreaPolicyBuilder.java:931)
05-28 17:37:29.047  1836  1836 D DisplayArea.Tokens: 	at com.android.server.wm.DisplayAreaPolicyBuilder$PendingArea.instantiateChildren(DisplayAreaPolicyBuilder.java:931)
05-28 17:37:29.047  1836  1836 D DisplayArea.Tokens: 	at com.android.server.wm.DisplayAreaPolicyBuilder$HierarchyBuilder.build(DisplayAreaPolicyBuilder.java:593)
05-28 17:37:29.047  1836  1836 D DisplayArea.Tokens: 	at com.android.server.wm.DisplayAreaPolicyBuilder$HierarchyBuilder.-$$Nest$mbuild(DisplayAreaPolicyBuilder.java:0)
05-28 17:37:29.047  1836  1836 D DisplayArea.Tokens: 	at com.android.server.wm.DisplayAreaPolicyBuilder.build(DisplayAreaPolicyBuilder.java:336)
05-28 17:37:29.047  1836  1836 D DisplayArea.Tokens: 	at com.android.server.wm.DisplayAreaPolicy$DefaultProvider.instantiate(DisplayAreaPolicy.java:117)
05-28 17:37:29.047  1836  1836 D DisplayArea.Tokens: 	at com.android.server.wm.DisplayContent.configureSurfaces(DisplayContent.java:1304)
05-28 17:37:29.047  1836  1836 D DisplayArea.Tokens: 	at com.android.server.wm.DisplayContent.<init>(DisplayContent.java:1207)
05-28 17:37:29.047  1836  1836 D DisplayArea.Tokens: 	at com.android.server.wm.RootWindowContainer.setWindowManager(RootWindowContainer.java:1273)
05-28 17:37:29.047  1836  1836 D DisplayArea.Tokens: 	at com.android.server.wm.ActivityTaskManagerService.setWindowManager(ActivityTaskManagerService.java:1040)
05-28 17:37:29.047  1836  1836 D DisplayArea.Tokens: 	at com.android.server.am.ActivityManagerService.setWindowManager(ActivityManagerService.java:2052)
05-28 17:37:29.047  1836  1836 D DisplayArea.Tokens: 	at com.android.server.SystemServer.startOtherServices(SystemServer.java:1615)
05-28 17:37:29.047  1836  1836 D DisplayArea.Tokens: 	at com.android.server.SystemServer.run(SystemServer.java:942)
05-28 17:37:29.047  1836  1836 D DisplayArea.Tokens: 	at com.android.server.SystemServer.main(SystemServer.java:664)
05-28 17:37:29.047  1836  1836 D DisplayArea.Tokens: 	at java.lang.reflect.Method.invoke(Native Method)
05-28 17:37:29.047  1836  1836 D DisplayArea.Tokens: 	at com.android.internal.os.RuntimeInit$MethodAndArgsCaller.run(RuntimeInit.java:552)
05-28 17:37:29.047  1836  1836 D DisplayArea.Tokens: 	at com.android.internal.os.ZygoteInit.main(ZygoteInit.java:949)
05-28 17:37:29.048  1836  1836 D DisplayArea.Tokens: Type: ABOVE_TASKS, name: Leaf:29:31, featureId: 2
05-28 17:37:29.048  1836  1836 D DisplayArea.Tokens: java.lang.Throwable
05-28 17:37:29.048  1836  1836 D DisplayArea.Tokens: 	at com.android.server.wm.DisplayArea$Tokens.<init>(DisplayArea.java:728)
05-28 17:37:29.048  1836  1836 D DisplayArea.Tokens: 	at com.android.server.wm.DisplayArea$Tokens.<init>(DisplayArea.java:722)
05-28 17:37:29.048  1836  1836 D DisplayArea.Tokens: 	at com.android.server.wm.DisplayAreaPolicyBuilder$PendingArea.createArea(DisplayAreaPolicyBuilder.java:957)
05-28 17:37:29.048  1836  1836 D DisplayArea.Tokens: 	at com.android.server.wm.DisplayAreaPolicyBuilder$PendingArea.instantiateChildren(DisplayAreaPolicyBuilder.java:921)
05-28 17:37:29.048  1836  1836 D DisplayArea.Tokens: 	at com.android.server.wm.DisplayAreaPolicyBuilder$PendingArea.instantiateChildren(DisplayAreaPolicyBuilder.java:931)
05-28 17:37:29.048  1836  1836 D DisplayArea.Tokens: 	at com.android.server.wm.DisplayAreaPolicyBuilder$PendingArea.instantiateChildren(DisplayAreaPolicyBuilder.java:931)
05-28 17:37:29.048  1836  1836 D DisplayArea.Tokens: 	at com.android.server.wm.DisplayAreaPolicyBuilder$PendingArea.instantiateChildren(DisplayAreaPolicyBuilder.java:931)
05-28 17:37:29.048  1836  1836 D DisplayArea.Tokens: 	at com.android.server.wm.DisplayAreaPolicyBuilder$PendingArea.instantiateChildren(DisplayAreaPolicyBuilder.java:931)
05-28 17:37:29.048  1836  1836 D DisplayArea.Tokens: 	at com.android.server.wm.DisplayAreaPolicyBuilder$HierarchyBuilder.build(DisplayAreaPolicyBuilder.java:593)
05-28 17:37:29.048  1836  1836 D DisplayArea.Tokens: 	at com.android.server.wm.DisplayAreaPolicyBuilder$HierarchyBuilder.-$$Nest$mbuild(DisplayAreaPolicyBuilder.java:0)
05-28 17:37:29.048  1836  1836 D DisplayArea.Tokens: 	at com.android.server.wm.DisplayAreaPolicyBuilder.build(DisplayAreaPolicyBuilder.java:336)
05-28 17:37:29.048  1836  1836 D DisplayArea.Tokens: 	at com.android.server.wm.DisplayAreaPolicy$DefaultProvider.instantiate(DisplayAreaPolicy.java:117)
05-28 17:37:29.048  1836  1836 D DisplayArea.Tokens: 	at com.android.server.wm.DisplayContent.configureSurfaces(DisplayContent.java:1304)
05-28 17:37:29.048  1836  1836 D DisplayArea.Tokens: 	at com.android.server.wm.DisplayContent.<init>(DisplayContent.java:1207)
05-28 17:37:29.048  1836  1836 D DisplayArea.Tokens: 	at com.android.server.wm.RootWindowContainer.setWindowManager(RootWindowContainer.java:1273)
05-28 17:37:29.048  1836  1836 D DisplayArea.Tokens: 	at com.android.server.wm.ActivityTaskManagerService.setWindowManager(ActivityTaskManagerService.java:1040)
05-28 17:37:29.048  1836  1836 D DisplayArea.Tokens: 	at com.android.server.am.ActivityManagerService.setWindowManager(ActivityManagerService.java:2052)
05-28 17:37:29.048  1836  1836 D DisplayArea.Tokens: 	at com.android.server.SystemServer.startOtherServices(SystemServer.java:1615)
05-28 17:37:29.048  1836  1836 D DisplayArea.Tokens: 	at com.android.server.SystemServer.run(SystemServer.java:942)
05-28 17:37:29.048  1836  1836 D DisplayArea.Tokens: 	at com.android.server.SystemServer.main(SystemServer.java:664)
05-28 17:37:29.048  1836  1836 D DisplayArea.Tokens: 	at java.lang.reflect.Method.invoke(Native Method)
05-28 17:37:29.048  1836  1836 D DisplayArea.Tokens: 	at com.android.internal.os.RuntimeInit$MethodAndArgsCaller.run(RuntimeInit.java:552)
05-28 17:37:29.048  1836  1836 D DisplayArea.Tokens: 	at com.android.internal.os.ZygoteInit.main(ZygoteInit.java:949)
05-28 17:37:29.049  1836  1836 D DisplayArea.Tokens: Type: ABOVE_TASKS, name: Leaf:32:32, featureId: 2
05-28 17:37:29.049  1836  1836 D DisplayArea.Tokens: java.lang.Throwable
05-28 17:37:29.049  1836  1836 D DisplayArea.Tokens: 	at com.android.server.wm.DisplayArea$Tokens.<init>(DisplayArea.java:728)
05-28 17:37:29.049  1836  1836 D DisplayArea.Tokens: 	at com.android.server.wm.DisplayArea$Tokens.<init>(DisplayArea.java:722)
05-28 17:37:29.049  1836  1836 D DisplayArea.Tokens: 	at com.android.server.wm.DisplayAreaPolicyBuilder$PendingArea.createArea(DisplayAreaPolicyBuilder.java:957)
05-28 17:37:29.049  1836  1836 D DisplayArea.Tokens: 	at com.android.server.wm.DisplayAreaPolicyBuilder$PendingArea.instantiateChildren(DisplayAreaPolicyBuilder.java:921)
05-28 17:37:29.049  1836  1836 D DisplayArea.Tokens: 	at com.android.server.wm.DisplayAreaPolicyBuilder$PendingArea.instantiateChildren(DisplayAreaPolicyBuilder.java:931)
05-28 17:37:29.049  1836  1836 D DisplayArea.Tokens: 	at com.android.server.wm.DisplayAreaPolicyBuilder$PendingArea.instantiateChildren(DisplayAreaPolicyBuilder.java:931)
05-28 17:37:29.049  1836  1836 D DisplayArea.Tokens: 	at com.android.server.wm.DisplayAreaPolicyBuilder$HierarchyBuilder.build(DisplayAreaPolicyBuilder.java:593)
05-28 17:37:29.049  1836  1836 D DisplayArea.Tokens: 	at com.android.server.wm.DisplayAreaPolicyBuilder$HierarchyBuilder.-$$Nest$mbuild(DisplayAreaPolicyBuilder.java:0)
05-28 17:37:29.049  1836  1836 D DisplayArea.Tokens: 	at com.android.server.wm.DisplayAreaPolicyBuilder.build(DisplayAreaPolicyBuilder.java:336)
05-28 17:37:29.049  1836  1836 D DisplayArea.Tokens: 	at com.android.server.wm.DisplayAreaPolicy$DefaultProvider.instantiate(DisplayAreaPolicy.java:117)
05-28 17:37:29.049  1836  1836 D DisplayArea.Tokens: 	at com.android.server.wm.DisplayContent.configureSurfaces(DisplayContent.java:1304)
05-28 17:37:29.049  1836  1836 D DisplayArea.Tokens: 	at com.android.server.wm.DisplayContent.<init>(DisplayContent.java:1207)
05-28 17:37:29.049  1836  1836 D DisplayArea.Tokens: 	at com.android.server.wm.RootWindowContainer.setWindowManager(RootWindowContainer.java:1273)
05-28 17:37:29.049  1836  1836 D DisplayArea.Tokens: 	at com.android.server.wm.ActivityTaskManagerService.setWindowManager(ActivityTaskManagerService.java:1040)
05-28 17:37:29.049  1836  1836 D DisplayArea.Tokens: 	at com.android.server.am.ActivityManagerService.setWindowManager(ActivityManagerService.java:2052)
05-28 17:37:29.049  1836  1836 D DisplayArea.Tokens: 	at com.android.server.SystemServer.startOtherServices(SystemServer.java:1615)
05-28 17:37:29.049  1836  1836 D DisplayArea.Tokens: 	at com.android.server.SystemServer.run(SystemServer.java:942)
05-28 17:37:29.049  1836  1836 D DisplayArea.Tokens: 	at com.android.server.SystemServer.main(SystemServer.java:664)
05-28 17:37:29.049  1836  1836 D DisplayArea.Tokens: 	at java.lang.reflect.Method.invoke(Native Method)
05-28 17:37:29.049  1836  1836 D DisplayArea.Tokens: 	at com.android.internal.os.RuntimeInit$MethodAndArgsCaller.run(RuntimeInit.java:552)
05-28 17:37:29.049  1836  1836 D DisplayArea.Tokens: 	at com.android.internal.os.ZygoteInit.main(ZygoteInit.java:949)
05-28 17:37:29.050  1836  1836 D DisplayArea.Tokens: Type: ABOVE_TASKS, name: Leaf:33:33, featureId: 2
05-28 17:37:29.050  1836  1836 D DisplayArea.Tokens: java.lang.Throwable
05-28 17:37:29.050  1836  1836 D DisplayArea.Tokens: 	at com.android.server.wm.DisplayArea$Tokens.<init>(DisplayArea.java:728)
05-28 17:37:29.050  1836  1836 D DisplayArea.Tokens: 	at com.android.server.wm.DisplayArea$Tokens.<init>(DisplayArea.java:722)
05-28 17:37:29.050  1836  1836 D DisplayArea.Tokens: 	at com.android.server.wm.DisplayAreaPolicyBuilder$PendingArea.createArea(DisplayAreaPolicyBuilder.java:957)
05-28 17:37:29.050  1836  1836 D DisplayArea.Tokens: 	at com.android.server.wm.DisplayAreaPolicyBuilder$PendingArea.instantiateChildren(DisplayAreaPolicyBuilder.java:921)
05-28 17:37:29.050  1836  1836 D DisplayArea.Tokens: 	at com.android.server.wm.DisplayAreaPolicyBuilder$PendingArea.instantiateChildren(DisplayAreaPolicyBuilder.java:931)
05-28 17:37:29.050  1836  1836 D DisplayArea.Tokens: 	at com.android.server.wm.DisplayAreaPolicyBuilder$PendingArea.instantiateChildren(DisplayAreaPolicyBuilder.java:931)
05-28 17:37:29.050  1836  1836 D DisplayArea.Tokens: 	at com.android.server.wm.DisplayAreaPolicyBuilder$HierarchyBuilder.build(DisplayAreaPolicyBuilder.java:593)
05-28 17:37:29.050  1836  1836 D DisplayArea.Tokens: 	at com.android.server.wm.DisplayAreaPolicyBuilder$HierarchyBuilder.-$$Nest$mbuild(DisplayAreaPolicyBuilder.java:0)
05-28 17:37:29.050  1836  1836 D DisplayArea.Tokens: 	at com.android.server.wm.DisplayAreaPolicyBuilder.build(DisplayAreaPolicyBuilder.java:336)
05-28 17:37:29.050  1836  1836 D DisplayArea.Tokens: 	at com.android.server.wm.DisplayAreaPolicy$DefaultProvider.instantiate(DisplayAreaPolicy.java:117)
05-28 17:37:29.050  1836  1836 D DisplayArea.Tokens: 	at com.android.server.wm.DisplayContent.configureSurfaces(DisplayContent.java:1304)
05-28 17:37:29.050  1836  1836 D DisplayArea.Tokens: 	at com.android.server.wm.DisplayContent.<init>(DisplayContent.java:1207)
05-28 17:37:29.050  1836  1836 D DisplayArea.Tokens: 	at com.android.server.wm.RootWindowContainer.setWindowManager(RootWindowContainer.java:1273)
05-28 17:37:29.050  1836  1836 D DisplayArea.Tokens: 	at com.android.server.wm.ActivityTaskManagerService.setWindowManager(ActivityTaskManagerService.java:1040)
05-28 17:37:29.050  1836  1836 D DisplayArea.Tokens: 	at com.android.server.am.ActivityManagerService.setWindowManager(ActivityManagerService.java:2052)
05-28 17:37:29.050  1836  1836 D DisplayArea.Tokens: 	at com.android.server.SystemServer.startOtherServices(SystemServer.java:1615)
05-28 17:37:29.050  1836  1836 D DisplayArea.Tokens: 	at com.android.server.SystemServer.run(SystemServer.java:942)
05-28 17:37:29.050  1836  1836 D DisplayArea.Tokens: 	at com.android.server.SystemServer.main(SystemServer.java:664)
05-28 17:37:29.050  1836  1836 D DisplayArea.Tokens: 	at java.lang.reflect.Method.invoke(Native Method)
05-28 17:37:29.050  1836  1836 D DisplayArea.Tokens: 	at com.android.internal.os.RuntimeInit$MethodAndArgsCaller.run(RuntimeInit.java:552)
05-28 17:37:29.050  1836  1836 D DisplayArea.Tokens: 	at com.android.internal.os.ZygoteInit.main(ZygoteInit.java:949)
05-28 17:37:29.051  1836  1836 D DisplayArea.Tokens: Type: ABOVE_TASKS, name: Leaf:34:35, featureId: 2
05-28 17:37:29.052  1836  1836 D DisplayArea.Tokens: java.lang.Throwable
05-28 17:37:29.052  1836  1836 D DisplayArea.Tokens: 	at com.android.server.wm.DisplayArea$Tokens.<init>(DisplayArea.java:728)
05-28 17:37:29.052  1836  1836 D DisplayArea.Tokens: 	at com.android.server.wm.DisplayArea$Tokens.<init>(DisplayArea.java:722)
05-28 17:37:29.052  1836  1836 D DisplayArea.Tokens: 	at com.android.server.wm.DisplayAreaPolicyBuilder$PendingArea.createArea(DisplayAreaPolicyBuilder.java:957)
05-28 17:37:29.052  1836  1836 D DisplayArea.Tokens: 	at com.android.server.wm.DisplayAreaPolicyBuilder$PendingArea.instantiateChildren(DisplayAreaPolicyBuilder.java:921)
05-28 17:37:29.052  1836  1836 D DisplayArea.Tokens: 	at com.android.server.wm.DisplayAreaPolicyBuilder$PendingArea.instantiateChildren(DisplayAreaPolicyBuilder.java:931)
05-28 17:37:29.052  1836  1836 D DisplayArea.Tokens: 	at com.android.server.wm.DisplayAreaPolicyBuilder$PendingArea.instantiateChildren(DisplayAreaPolicyBuilder.java:931)
05-28 17:37:29.052  1836  1836 D DisplayArea.Tokens: 	at com.android.server.wm.DisplayAreaPolicyBuilder$PendingArea.instantiateChildren(DisplayAreaPolicyBuilder.java:931)
05-28 17:37:29.052  1836  1836 D DisplayArea.Tokens: 	at com.android.server.wm.DisplayAreaPolicyBuilder$HierarchyBuilder.build(DisplayAreaPolicyBuilder.java:593)
05-28 17:37:29.052  1836  1836 D DisplayArea.Tokens: 	at com.android.server.wm.DisplayAreaPolicyBuilder$HierarchyBuilder.-$$Nest$mbuild(DisplayAreaPolicyBuilder.java:0)
05-28 17:37:29.052  1836  1836 D DisplayArea.Tokens: 	at com.android.server.wm.DisplayAreaPolicyBuilder.build(DisplayAreaPolicyBuilder.java:336)
05-28 17:37:29.052  1836  1836 D DisplayArea.Tokens: 	at com.android.server.wm.DisplayAreaPolicy$DefaultProvider.instantiate(DisplayAreaPolicy.java:117)
05-28 17:37:29.052  1836  1836 D DisplayArea.Tokens: 	at com.android.server.wm.DisplayContent.configureSurfaces(DisplayContent.java:1304)
05-28 17:37:29.052  1836  1836 D DisplayArea.Tokens: 	at com.android.server.wm.DisplayContent.<init>(DisplayContent.java:1207)
05-28 17:37:29.052  1836  1836 D DisplayArea.Tokens: 	at com.android.server.wm.RootWindowContainer.setWindowManager(RootWindowContainer.java:1273)
05-28 17:37:29.052  1836  1836 D DisplayArea.Tokens: 	at com.android.server.wm.ActivityTaskManagerService.setWindowManager(ActivityTaskManagerService.java:1040)
05-28 17:37:29.052  1836  1836 D DisplayArea.Tokens: 	at com.android.server.am.ActivityManagerService.setWindowManager(ActivityManagerService.java:2052)
05-28 17:37:29.052  1836  1836 D DisplayArea.Tokens: 	at com.android.server.SystemServer.startOtherServices(SystemServer.java:1615)
05-28 17:37:29.052  1836  1836 D DisplayArea.Tokens: 	at com.android.server.SystemServer.run(SystemServer.java:942)
05-28 17:37:29.052  1836  1836 D DisplayArea.Tokens: 	at com.android.server.SystemServer.main(SystemServer.java:664)
05-28 17:37:29.052  1836  1836 D DisplayArea.Tokens: 	at java.lang.reflect.Method.invoke(Native Method)
05-28 17:37:29.052  1836  1836 D DisplayArea.Tokens: 	at com.android.internal.os.RuntimeInit$MethodAndArgsCaller.run(RuntimeInit.java:552)
05-28 17:37:29.052  1836  1836 D DisplayArea.Tokens: 	at com.android.internal.os.ZygoteInit.main(ZygoteInit.java:949)
05-28 17:37:29.052  1836  1836 D DisplayArea.Tokens: Type: ABOVE_TASKS, name: Leaf:36:36, featureId: 2
05-28 17:37:29.052  1836  1836 D DisplayArea.Tokens: java.lang.Throwable
05-28 17:37:29.052  1836  1836 D DisplayArea.Tokens: 	at com.android.server.wm.DisplayArea$Tokens.<init>(DisplayArea.java:728)
05-28 17:37:29.052  1836  1836 D DisplayArea.Tokens: 	at com.android.server.wm.DisplayArea$Tokens.<init>(DisplayArea.java:722)
05-28 17:37:29.052  1836  1836 D DisplayArea.Tokens: 	at com.android.server.wm.DisplayAreaPolicyBuilder$PendingArea.createArea(DisplayAreaPolicyBuilder.java:957)
05-28 17:37:29.052  1836  1836 D DisplayArea.Tokens: 	at com.android.server.wm.DisplayAreaPolicyBuilder$PendingArea.instantiateChildren(DisplayAreaPolicyBuilder.java:921)
05-28 17:37:29.052  1836  1836 D DisplayArea.Tokens: 	at com.android.server.wm.DisplayAreaPolicyBuilder$HierarchyBuilder.build(DisplayAreaPolicyBuilder.java:593)
05-28 17:37:29.052  1836  1836 D DisplayArea.Tokens: 	at com.android.server.wm.DisplayAreaPolicyBuilder$HierarchyBuilder.-$$Nest$mbuild(DisplayAreaPolicyBuilder.java:0)
05-28 17:37:29.052  1836  1836 D DisplayArea.Tokens: 	at com.android.server.wm.DisplayAreaPolicyBuilder.build(DisplayAreaPolicyBuilder.java:336)
05-28 17:37:29.052  1836  1836 D DisplayArea.Tokens: 	at com.android.server.wm.DisplayAreaPolicy$DefaultProvider.instantiate(DisplayAreaPolicy.java:117)
05-28 17:37:29.052  1836  1836 D DisplayArea.Tokens: 	at com.android.server.wm.DisplayContent.configureSurfaces(DisplayContent.java:1304)
05-28 17:37:29.052  1836  1836 D DisplayArea.Tokens: 	at com.android.server.wm.DisplayContent.<init>(DisplayContent.java:1207)
05-28 17:37:29.052  1836  1836 D DisplayArea.Tokens: 	at com.android.server.wm.RootWindowContainer.setWindowManager(RootWindowContainer.java:1273)
05-28 17:37:29.052  1836  1836 D DisplayArea.Tokens: 	at com.android.server.wm.ActivityTaskManagerService.setWindowManager(ActivityTaskManagerService.java:1040)
05-28 17:37:29.052  1836  1836 D DisplayArea.Tokens: 	at com.android.server.am.ActivityManagerService.setWindowManager(ActivityManagerService.java:2052)
05-28 17:37:29.052  1836  1836 D DisplayArea.Tokens: 	at com.android.server.SystemServer.startOtherServices(SystemServer.java:1615)
05-28 17:37:29.052  1836  1836 D DisplayArea.Tokens: 	at com.android.server.SystemServer.run(SystemServer.java:942)
05-28 17:37:29.052  1836  1836 D DisplayArea.Tokens: 	at com.android.server.SystemServer.main(SystemServer.java:664)
05-28 17:37:29.052  1836  1836 D DisplayArea.Tokens: 	at java.lang.reflect.Method.invoke(Native Method)
05-28 17:37:29.052  1836  1836 D DisplayArea.Tokens: 	at com.android.internal.os.RuntimeInit$MethodAndArgsCaller.run(RuntimeInit.java:552)
05-28 17:37:29.052  1836  1836 D DisplayArea.Tokens: 	at com.android.internal.os.ZygoteInit.main(ZygoteInit.java:949)



ROOT type=undefined mode=fullscreen override-mode=undefined requested-bounds=[0,0][0,0] bounds=[0,0][1080,2340]
  #0 Display 0 name="Built-in Screen" type=undefined mode=fullscreen override-mode=fullscreen requested-bounds=[0,0][1080,2340] bounds=[0,0][1080,2340]
   #2 Leaf:36:36 type=undefined mode=fullscreen override-mode=undefined requested-bounds=[0,0][0,0] bounds=[0,0][1080,2340]
    #1 WindowToken{988c232 type=2024 android.os.BinderProxy@ccb9f01} type=undefined mode=fullscreen override-mode=undefined requested-bounds=[0,0][0,0] bounds=[0,0][1080,2340]
     #0 5bc2d39 ScreenDecorOverlayBottom type=undefined mode=fullscreen override-mode=undefined requested-bounds=[0,0][0,0] bounds=[0,0][1080,2340]
    #0 WindowToken{263aed type=2024 android.os.BinderProxy@ee97504} type=undefined mode=fullscreen override-mode=undefined requested-bounds=[0,0][0,0] bounds=[0,0][1080,2340]
     #0 a2005b8 ScreenDecorOverlay type=undefined mode=fullscreen override-mode=undefined requested-bounds=[0,0][0,0] bounds=[0,0][1080,2340]
   #1 HideDisplayCutout:32:35 type=undefined mode=fullscreen override-mode=undefined requested-bounds=[0,0][0,0] bounds=[0,0][1080,2340]
    #2 OneHanded:34:35 type=undefined mode=fullscreen override-mode=undefined requested-bounds=[0,0][0,0] bounds=[0,0][1080,2340]
     #0 FullscreenMagnification:34:35 type=undefined mode=fullscreen override-mode=undefined requested-bounds=[0,0][0,0] bounds=[0,0][1080,2340]
      #0 Leaf:34:35 type=undefined mode=fullscreen override-mode=undefined requested-bounds=[0,0][0,0] bounds=[0,0][1080,2340]
    #1 FullscreenMagnification:33:33 type=undefined mode=fullscreen override-mode=undefined requested-bounds=[0,0][0,0] bounds=[0,0][1080,2340]
     #0 Leaf:33:33 type=undefined mode=fullscreen override-mode=undefined requested-bounds=[0,0][0,0] bounds=[0,0][1080,2340]
    #0 OneHanded:32:32 type=undefined mode=fullscreen override-mode=undefined requested-bounds=[0,0][0,0] bounds=[0,0][1080,2340]
     #0 Leaf:32:32 type=undefined mode=fullscreen override-mode=undefined requested-bounds=[0,0][0,0] bounds=[0,0][1080,2340]
   #0 WindowedMagnification:0:31 type=undefined mode=fullscreen override-mode=undefined requested-bounds=[0,0][0,0] bounds=[0,0][1080,2340]
    #6 HideDisplayCutout:26:31 type=undefined mode=fullscreen override-mode=undefined requested-bounds=[0,0][0,0] bounds=[0,0][1080,2340]
     #0 OneHanded:26:31 type=undefined mode=fullscreen override-mode=undefined requested-bounds=[0,0][0,0] bounds=[0,0][1080,2340]
      #2 FullscreenMagnification:29:31 type=undefined mode=fullscreen override-mode=undefined requested-bounds=[0,0][0,0] bounds=[0,0][1080,2340]
       #0 Leaf:29:31 type=undefined mode=fullscreen override-mode=undefined requested-bounds=[0,0][0,0] bounds=[0,0][1080,2340]
      #1 Leaf:28:28 type=undefined mode=fullscreen override-mode=undefined requested-bounds=[0,0][0,0] bounds=[0,0][1080,2340]
      #0 FullscreenMagnification:26:27 type=undefined mode=fullscreen override-mode=undefined requested-bounds=[0,0][0,0] bounds=[0,0][1080,2340]
       #0 Leaf:26:27 type=undefined mode=fullscreen override-mode=undefined requested-bounds=[0,0][0,0] bounds=[0,0][1080,2340]
    #5 Leaf:24:25 type=undefined mode=fullscreen override-mode=undefined requested-bounds=[0,0][0,0] bounds=[0,0][1080,2340]
     #0 WindowToken{237c785 type=2019 android.os.BinderProxy@cb621ef} type=undefined mode=fullscreen override-mode=undefined requested-bounds=[0,0][0,0] bounds=[0,0][1080,2340]
      #0 668a9da NavigationBar0 type=undefined mode=fullscreen override-mode=undefined requested-bounds=[0,0][0,0] bounds=[0,0][1080,2340]
    #4 HideDisplayCutout:18:23 type=undefined mode=fullscreen override-mode=undefined requested-bounds=[0,0][0,0] bounds=[0,0][1080,2340]
     #0 OneHanded:18:23 type=undefined mode=fullscreen override-mode=undefined requested-bounds=[0,0][0,0] bounds=[0,0][1080,2340]
      #0 FullscreenMagnification:18:23 type=undefined mode=fullscreen override-mode=undefined requested-bounds=[0,0][0,0] bounds=[0,0][1080,2340]
       #0 Leaf:18:23 type=undefined mode=fullscreen override-mode=undefined requested-bounds=[0,0][0,0] bounds=[0,0][1080,2340]
    #3 OneHanded:17:17 type=undefined mode=fullscreen override-mode=undefined requested-bounds=[0,0][0,0] bounds=[0,0][1080,2340]
     #0 FullscreenMagnification:17:17 type=undefined mode=fullscreen override-mode=undefined requested-bounds=[0,0][0,0] bounds=[0,0][1080,2340]
      #0 Leaf:17:17 type=undefined mode=fullscreen override-mode=undefined requested-bounds=[0,0][0,0] bounds=[0,0][1080,2340]
       #0 WindowToken{8431992 type=2040 android.os.BinderProxy@c8c3ff4} type=undefined mode=fullscreen override-mode=undefined requested-bounds=[0,0][0,0] bounds=[0,0][1080,2340]
        #0 f488f63 NotificationShade type=undefined mode=fullscreen override-mode=undefined requested-bounds=[0,0][0,0] bounds=[0,0][1080,2340]
    #2 HideDisplayCutout:16:16 type=undefined mode=fullscreen override-mode=undefined requested-bounds=[0,0][0,0] bounds=[0,0][1080,2340]
     #0 OneHanded:16:16 type=undefined mode=fullscreen override-mode=undefined requested-bounds=[0,0][0,0] bounds=[0,0][1080,2340]
      #0 FullscreenMagnification:16:16 type=undefined mode=fullscreen override-mode=undefined requested-bounds=[0,0][0,0] bounds=[0,0][1080,2340]
       #0 Leaf:16:16 type=undefined mode=fullscreen override-mode=undefined requested-bounds=[0,0][0,0] bounds=[0,0][1080,2340]
    #1 OneHanded:15:15 type=undefined mode=fullscreen override-mode=undefined requested-bounds=[0,0][0,0] bounds=[0,0][1080,2340]
     #0 FullscreenMagnification:15:15 type=undefined mode=fullscreen override-mode=undefined requested-bounds=[0,0][0,0] bounds=[0,0][1080,2340]
      #0 Leaf:15:15 type=undefined mode=fullscreen override-mode=undefined requested-bounds=[0,0][0,0] bounds=[0,0][1080,2340]
       #0 WindowToken{faabebf type=2000 android.os.BinderProxy@1867419} type=undefined mode=fullscreen override-mode=undefined requested-bounds=[0,0][0,0] bounds=[0,0][1080,2340]
        #0 88b998c StatusBar type=undefined mode=fullscreen override-mode=undefined requested-bounds=[0,0][0,0] bounds=[0,0][1080,2340]
    #0 HideDisplayCutout:0:14 type=undefined mode=fullscreen override-mode=undefined requested-bounds=[0,0][0,0] bounds=[0,0][1080,2340]
     #0 OneHanded:0:14 type=undefined mode=fullscreen override-mode=undefined requested-bounds=[0,0][0,0] bounds=[0,0][1080,2340]
      #1 ImePlaceholder:13:14 type=undefined mode=fullscreen override-mode=undefined requested-bounds=[0,0][0,0] bounds=[0,0][1080,2340]
       #0 ImeContainer type=undefined mode=fullscreen override-mode=undefined requested-bounds=[0,0][0,0] bounds=[0,0][1080,2340]
        #0 WindowToken{d89974 type=2011 android.os.Binder@39dad47} type=undefined mode=fullscreen override-mode=undefined requested-bounds=[0,0][0,0] bounds=[0,0][1080,2340]
         #0 7eb5b27 InputMethod type=undefined mode=fullscreen override-mode=undefined requested-bounds=[0,0][0,0] bounds=[0,0][1080,2340]
      #0 FullscreenMagnification:0:12 type=undefined mode=fullscreen override-mode=undefined requested-bounds=[0,0][0,0] bounds=[0,0][1080,2340]
       #2 Leaf:3:12 type=undefined mode=fullscreen override-mode=undefined requested-bounds=[0,0][0,0] bounds=[0,0][1080,2340]
        #2 WindowToken{7f09984 type=2038 android.os.BinderProxy@c073d88} type=undefined mode=fullscreen override-mode=undefined requested-bounds=[0,0][0,0] bounds=[0,0][1080,2340]
         #0 42d8e16 com.android.fakeoemfeatures:background type=undefined mode=fullscreen override-mode=undefined requested-bounds=[0,0][0,0] bounds=[0,0][1080,2340]
        #1 WindowToken{90c3cba type=2038 android.os.BinderProxy@5c38480} type=undefined mode=fullscreen override-mode=undefined requested-bounds=[0,0][0,0] bounds=[0,0][1080,2340]
         #0 bbea429 com.android.fakeoemfeatures type=undefined mode=fullscreen override-mode=undefined requested-bounds=[0,0][0,0] bounds=[0,0][1080,2340]
        #0 WindowToken{107a05c type=2038 android.os.BinderProxy@578b017} type=undefined mode=fullscreen override-mode=undefined requested-bounds=[0,0][0,0] bounds=[0,0][1080,2340]
         #0 39e71a9 ShellDropTarget type=undefined mode=fullscreen override-mode=undefined requested-bounds=[0,0][0,0] bounds=[0,0][1080,2340]
       #1 DefaultTaskDisplayArea type=undefined mode=fullscreen override-mode=fullscreen requested-bounds=[0,0][0,0] bounds=[0,0][1080,2340]
        #1 Task=1 type=home mode=fullscreen override-mode=undefined requested-bounds=[0,0][0,0] bounds=[0,0][1080,2340]
         #0 Task=15 type=home mode=fullscreen override-mode=undefined requested-bounds=[0,0][0,0] bounds=[0,0][1080,2340]
          #0 ActivityRecord{a2ee9c4 u0 com.android.launcher3/.uioverrides.QuickstepLauncher t15} type=home mode=fullscreen override-mode=undefined requested-bounds=[0,0][0,0] bounds=[0,0][1080,2340]
           #0 a09fbef com.android.launcher3/com.android.launcher3.uioverrides.QuickstepLauncher type=home mode=fullscreen override-mode=undefined requested-bounds=[0,0][0,0] bounds=[0,0][1080,2340]
        #0 Task=2 type=undefined mode=fullscreen override-mode=fullscreen requested-bounds=[0,0][0,0] bounds=[0,0][1080,2340]
         #1 Task=4 type=undefined mode=multi-window override-mode=multi-window requested-bounds=[0,2340][1080,3510] bounds=[0,2340][1080,3510]
         #0 Task=3 type=undefined mode=multi-window override-mode=multi-window requested-bounds=[0,0][0,0] bounds=[0,0][1080,2340]
       #0 Leaf:0:1 type=undefined mode=fullscreen override-mode=undefined requested-bounds=[0,0][0,0] bounds=[0,0][1080,2340]
        #0 WallpaperWindowToken{8c049ee token=android.os.Binder@5304b69} type=undefined mode=fullscreen override-mode=fullscreen requested-bounds=[0,0][0,0] bounds=[0,0][1080,2340]
         #0 992d414 com.android.systemui.wallpapers.ImageWallpaper type=undefined mode=fullscreen override-mode=undefined requested-bounds=[0,0][0,0] bounds=[0,0][1080,2340]
 
Window{5bc2d39 u0 ScreenDecorOverlayBottom}
Window{a2005b8 u0 ScreenDecorOverlay}
Window{668a9da u0 NavigationBar0}
Window{f488f63 u0 NotificationShade}
Window{88b998c u0 StatusBar}
Window{42d8e16 u0 com.android.fakeoemfeatures:background}
Window{bbea429 u0 com.android.fakeoemfeatures}
Window{39e71a9 u0 ShellDropTarget}
Window{7eb5b27 u0 InputMethod}
Window{a09fbef u0 com.android.launcher3/com.android.launcher3.uioverrides.QuickstepLauncher}
Window{992d414 u0 com.android.systemui.wallpapers.ImageWallpaper}
