ROOT type=undefined mode=fullscreen override-mode=undefined requested-bounds=[0,0][0,0] bounds=[0,0][1080,2340]
  #0 Display 0 name="Built-in Screen" type=undefined mode=fullscreen override-mode=fullscreen requested-bounds=[0,0][1080,2340] bounds=[0,0][1080,2340]
   #2 Leaf:36:36 type=undefined mode=fullscreen override-mode=undefined requested-bounds=[0,0][0,0] bounds=[0,0][1080,2340]
    #1 WindowToken{991124b type=2024 android.os.BinderProxy@b1b71a} type=undefined mode=fullscreen override-mode=undefined requested-bounds=[0,0][0,0] bounds=[0,0][1080,2340]
     #0 759d428 ScreenDecorOverlayBottom type=undefined mode=fullscreen override-mode=undefined requested-bounds=[0,0][0,0] bounds=[0,0][1080,2340]
    #0 WindowToken{434822f type=2024 android.os.BinderProxy@ea7280e} type=undefined mode=fullscreen override-mode=undefined requested-bounds=[0,0][0,0] bounds=[0,0][1080,2340]
     #0 95ff03c ScreenDecorOverlay type=undefined mode=fullscreen override-mode=undefined requested-bounds=[0,0][0,0] bounds=[0,0][1080,2340]
   #1 HideDisplayCutout:32:35 type=undefined mode=fullscreen override-mode=undefined requested-bounds=[0,0][0,0] bounds=[0,0][1080,2340]
    #2 OneHanded:34:35 type=undefined mode=fullscreen override-mode=undefined requested-bounds=[0,0][0,0] bounds=[0,0][1080,2340]
     #0 FullscreenMagnification:34:35 type=undefined mode=fullscreen override-mode=undefined requested-bounds=[0,0][0,0] bounds=[0,0][1080,2340]
      #0 Leaf:34:35 type=undefined mode=fullscreen override-mode=undefined requested-bounds=[0,0][0,0] bounds=[0,0][1080,2340]
    #1 FullscreenMagnification:33:33 type=undefined mode=fullscreen override-mode=undefined requested-bounds=[0,0][0,0] bounds=[0,0][1080,2340]
     #0 Leaf:33:33 type=undefined mode=fullscreen override-mode=undefined requested-bounds=[0,0][0,0] bounds=[0,0][1080,2340]
    #0 OneHanded:32:32 type=undefined mode=fullscreen override-mode=undefined requested-bounds=[0,0][0,0] bounds=[0,0][1080,2340]
     #0 Leaf:32:32 type=undefined mode=fullscreen override-mode=undefined requested-bounds=[0,0][0,0] bounds=[0,0][1080,2340]
   #0 WindowedMagnification:0:31 type=undefined mode=fullscreen override-mode=undefined requested-bounds=[0,0][0,0] bounds=[0,0][1080,2340]
    #6 HideDisplayCutout:26:31 type=undefined mode=fullscreen override-mode=undefined requested-bounds=[0,0][0,0] bounds=[0,0][1080,2340]
     #0 OneHanded:26:31 type=undefined mode=fullscreen override-mode=undefined requested-bounds=[0,0][0,0] bounds=[0,0][1080,2340]
      #2 FullscreenMagnification:29:31 type=undefined mode=fullscreen override-mode=undefined requested-bounds=[0,0][0,0] bounds=[0,0][1080,2340]
       #0 Leaf:29:31 type=undefined mode=fullscreen override-mode=undefined requested-bounds=[0,0][0,0] bounds=[0,0][1080,2340]
      #1 Leaf:28:28 type=undefined mode=fullscreen override-mode=undefined requested-bounds=[0,0][0,0] bounds=[0,0][1080,2340]
      #0 FullscreenMagnification:26:27 type=undefined mode=fullscreen override-mode=undefined requested-bounds=[0,0][0,0] bounds=[0,0][1080,2340]
       #0 Leaf:26:27 type=undefined mode=fullscreen override-mode=undefined requested-bounds=[0,0][0,0] bounds=[0,0][1080,2340]
    #5 Leaf:24:25 type=undefined mode=fullscreen override-mode=undefined requested-bounds=[0,0][0,0] bounds=[0,0][1080,2340]
     #0 WindowToken{97139b8 type=2019 android.os.BinderProxy@d639e2a} type=undefined mode=fullscreen override-mode=undefined requested-bounds=[0,0][0,0] bounds=[0,0][1080,2340]
      #0 11bd391 NavigationBar0 type=undefined mode=fullscreen override-mode=undefined requested-bounds=[0,0][0,0] bounds=[0,0][1080,2340]
    #4 HideDisplayCutout:18:23 type=undefined mode=fullscreen override-mode=undefined requested-bounds=[0,0][0,0] bounds=[0,0][1080,2340]
     #0 OneHanded:18:23 type=undefined mode=fullscreen override-mode=undefined requested-bounds=[0,0][0,0] bounds=[0,0][1080,2340]
      #0 FullscreenMagnification:18:23 type=undefined mode=fullscreen override-mode=undefined requested-bounds=[0,0][0,0] bounds=[0,0][1080,2340]
       #0 Leaf:18:23 type=undefined mode=fullscreen override-mode=undefined requested-bounds=[0,0][0,0] bounds=[0,0][1080,2340]
    #3 OneHanded:17:17 type=undefined mode=fullscreen override-mode=undefined requested-bounds=[0,0][0,0] bounds=[0,0][1080,2340]
     #0 FullscreenMagnification:17:17 type=undefined mode=fullscreen override-mode=undefined requested-bounds=[0,0][0,0] bounds=[0,0][1080,2340]
      #0 Leaf:17:17 type=undefined mode=fullscreen override-mode=undefined requested-bounds=[0,0][0,0] bounds=[0,0][1080,2340]
       #0 WindowToken{940e82e type=2040 android.os.BinderProxy@6c12e30} type=undefined mode=fullscreen override-mode=undefined requested-bounds=[0,0][0,0] bounds=[0,0][1080,2340]
        #0 8f50fcf NotificationShade type=undefined mode=fullscreen override-mode=undefined requested-bounds=[0,0][0,0] bounds=[0,0][1080,2340]
    #2 HideDisplayCutout:16:16 type=undefined mode=fullscreen override-mode=undefined requested-bounds=[0,0][0,0] bounds=[0,0][1080,2340]
     #0 OneHanded:16:16 type=undefined mode=fullscreen override-mode=undefined requested-bounds=[0,0][0,0] bounds=[0,0][1080,2340]
      #0 FullscreenMagnification:16:16 type=undefined mode=fullscreen override-mode=undefined requested-bounds=[0,0][0,0] bounds=[0,0][1080,2340]
       #0 Leaf:16:16 type=undefined mode=fullscreen override-mode=undefined requested-bounds=[0,0][0,0] bounds=[0,0][1080,2340]
    #1 OneHanded:15:15 type=undefined mode=fullscreen override-mode=undefined requested-bounds=[0,0][0,0] bounds=[0,0][1080,2340]
     #0 FullscreenMagnification:15:15 type=undefined mode=fullscreen override-mode=undefined requested-bounds=[0,0][0,0] bounds=[0,0][1080,2340]
      #0 Leaf:15:15 type=undefined mode=fullscreen override-mode=undefined requested-bounds=[0,0][0,0] bounds=[0,0][1080,2340]
       #0 WindowToken{2b09348 type=2000 android.os.BinderProxy@bf7593a} type=undefined mode=fullscreen override-mode=undefined requested-bounds=[0,0][0,0] bounds=[0,0][1080,2340]
        #0 3bed5e1 StatusBar type=undefined mode=fullscreen override-mode=undefined requested-bounds=[0,0][0,0] bounds=[0,0][1080,2340]
    #0 HideDisplayCutout:0:14 type=undefined mode=fullscreen override-mode=undefined requested-bounds=[0,0][0,0] bounds=[0,0][1080,2340]
     #0 OneHanded:0:14 type=undefined mode=fullscreen override-mode=undefined requested-bounds=[0,0][0,0] bounds=[0,0][1080,2340]
      #1 ImePlaceholder:13:14 type=undefined mode=fullscreen override-mode=undefined requested-bounds=[0,0][0,0] bounds=[0,0][1080,2340]
       #0 ImeContainer type=undefined mode=fullscreen override-mode=undefined requested-bounds=[0,0][0,0] bounds=[0,0][1080,2340]
        #0 WindowToken{b7a16ae type=2011 android.os.Binder@e325329} type=undefined mode=fullscreen override-mode=undefined requested-bounds=[0,0][0,0] bounds=[0,0][1080,2340]
         #0 99ed31a InputMethod type=undefined mode=fullscreen override-mode=undefined requested-bounds=[0,0][0,0] bounds=[0,0][1080,2340]
      #0 FullscreenMagnification:0:12 type=undefined mode=fullscreen override-mode=undefined requested-bounds=[0,0][0,0] bounds=[0,0][1080,2340]
       #2 Leaf:3:12 type=undefined mode=fullscreen override-mode=undefined requested-bounds=[0,0][0,0] bounds=[0,0][1080,2340]
        #2 WindowToken{93ef820 type=2038 android.os.BinderProxy@34439b5} type=undefined mode=fullscreen override-mode=undefined requested-bounds=[0,0][0,0] bounds=[0,0][1080,2340]
         #0 67c8c52 com.android.fakeoemfeatures:background type=undefined mode=fullscreen override-mode=undefined requested-bounds=[0,0][0,0] bounds=[0,0][1080,2340]
        #1 WindowToken{80eab2a type=2038 android.os.BinderProxy@9b236c2} type=undefined mode=fullscreen override-mode=undefined requested-bounds=[0,0][0,0] bounds=[0,0][1080,2340]
         #0 6efeba0 com.android.fakeoemfeatures type=undefined mode=fullscreen override-mode=undefined requested-bounds=[0,0][0,0] bounds=[0,0][1080,2340]
        #0 WindowToken{ef3e5eb type=2038 android.os.BinderProxy@3ef880f} type=undefined mode=fullscreen override-mode=undefined requested-bounds=[0,0][0,0] bounds=[0,0][1080,2340]
         #0 f8715c4 ShellDropTarget type=undefined mode=fullscreen override-mode=undefined requested-bounds=[0,0][0,0] bounds=[0,0][1080,2340]
       #1 DefaultTaskDisplayArea type=undefined mode=fullscreen override-mode=fullscreen requested-bounds=[0,0][0,0] bounds=[0,0][1080,2340]
        #3 Task=2 type=standard mode=fullscreen override-mode=fullscreen requested-bounds=[0,0][0,0] bounds=[0,0][1080,2340]
         #1 Task=3 type=standard mode=multi-window override-mode=multi-window requested-bounds=[0,769][1080,2340] bounds=[0,769][1080,2340]
          #0 Task=9 type=standard mode=multi-window override-mode=undefined requested-bounds=[0,0][0,0] bounds=[0,769][1080,2340]
           #0 ActivityRecord{8ed377d u0 com.example.wallpapertest/.MainActivity t9} type=standard mode=multi-window override-mode=undefined requested-bounds=[0,0][0,0] bounds=[0,769][1080,2340]
            #0 a483811 com.example.wallpapertest/com.example.wallpapertest.MainActivity type=standard mode=multi-window override-mode=undefined requested-bounds=[0,0][0,0] bounds=[0,769][1080,2340]
         #0 Task=4 type=standard mode=multi-window override-mode=multi-window requested-bounds=[0,0][1080,743] bounds=[0,0][1080,743]
          #0 Task=13 type=standard mode=multi-window override-mode=undefined requested-bounds=[0,0][0,0] bounds=[0,0][1080,743]
           #0 ActivityRecord{91747a5 u0 com.android.gl2java/.GL2JavaActivity t13} type=standard mode=multi-window override-mode=undefined requested-bounds=[0,0][0,0] bounds=[0,0][1080,743]
            #0 eb0db4c com.android.gl2java/com.android.gl2java.GL2JavaActivity type=standard mode=multi-window override-mode=undefined requested-bounds=[0,0][0,0] bounds=[0,0][1080,743]
        #2 Task=1 type=home mode=fullscreen override-mode=undefined requested-bounds=[0,0][0,0] bounds=[0,0][1080,2340]
         #0 Task=6 type=home mode=fullscreen override-mode=undefined requested-bounds=[0,0][0,0] bounds=[0,0][1080,2340]
          #0 ActivityRecord{32729ef u0 com.android.launcher3/.uioverrides.QuickstepLauncher t6} type=home mode=fullscreen override-mode=undefined requested-bounds=[0,0][0,0] bounds=[0,0][1080,2340]
           #0 a16a62c com.android.launcher3/com.android.launcher3.uioverrides.QuickstepLauncher type=home mode=fullscreen override-mode=undefined requested-bounds=[0,0][0,0] bounds=[0,0][1080,2340]
        #1 Task=14 type=standard mode=fullscreen override-mode=undefined requested-bounds=[0,0][0,0] bounds=[0,0][1080,2340]
         #0 ActivityRecord{707397f u0 com.android.camera2/com.android.camera.CameraActivity t14} type=standard mode=fullscreen override-mode=undefined requested-bounds=[0,0][0,0] bounds=[0,0][1080,2340]
          #0 334a835 com.android.camera2/com.android.camera.CameraActivity type=standard mode=fullscreen override-mode=undefined requested-bounds=[0,0][0,0] bounds=[0,0][1080,2340]
        #0 Task=12 type=standard mode=fullscreen override-mode=undefined requested-bounds=[0,0][0,0] bounds=[0,0][1080,2340]
         #0 ActivityRecord{9e24cd4 u0 com.android.test/.TestActivity t12} type=standard mode=fullscreen override-mode=undefined requested-bounds=[0,0][0,0] bounds=[0,0][1080,2145]
          #0 759fca9 com.android.test/com.android.test.TestActivity type=standard mode=fullscreen override-mode=undefined requested-bounds=[0,0][0,0] bounds=[0,0][1080,2145]
       #0 Leaf:0:1 type=undefined mode=fullscreen override-mode=undefined requested-bounds=[0,0][0,0] bounds=[0,0][1080,2340]
        #0 WallpaperWindowToken{33b902e token=android.os.Binder@58fc2a9} type=undefined mode=fullscreen override-mode=fullscreen requested-bounds=[0,0][0,0] bounds=[0,0][1080,2340]
         #0 cc2b53 com.android.systemui.wallpapers.ImageWallpaper type=undefined mode=fullscreen override-mode=undefined requested-bounds=[0,0][0,0] bounds=[0,0][1080,2340]
 
Window{759d428 u0 ScreenDecorOverlayBottom}
Window{95ff03c u0 ScreenDecorOverlay}
Window{11bd391 u0 NavigationBar0}
Window{8f50fcf u0 NotificationShade}
Window{3bed5e1 u0 StatusBar}
Window{99ed31a u0 InputMethod}
Window{67c8c52 u0 com.android.fakeoemfeatures:background}
Window{6efeba0 u0 com.android.fakeoemfeatures}
Window{f8715c4 u0 ShellDropTarget}
Window{a483811 u0 com.example.wallpapertest/com.example.wallpapertest.MainActivity}
Window{eb0db4c u0 com.android.gl2java/com.android.gl2java.GL2JavaActivity}
Window{a16a62c u0 com.android.launcher3/com.android.launcher3.uioverrides.QuickstepLauncher}
Window{334a835 u0 com.android.camera2/com.android.camera.CameraActivity}
Window{759fca9 u0 com.android.test/com.android.test.TestActivity}
Window{cc2b53 u0 com.android.systemui.wallpapers.ImageWallpaper}

  Display areas in top down Z order:
    * Leaf:36:36
    * HideDisplayCutout:32:35
      * OneHanded:34:35
        * FullscreenMagnification:34:35
          * Leaf:34:35
      * FullscreenMagnification:33:33
        * Leaf:33:33
      * OneHanded:32:32
        * Leaf:32:32
    * WindowedMagnification:0:31
      * HideDisplayCutout:26:31
        * OneHanded:26:31
          * FullscreenMagnification:29:31
            * Leaf:29:31
          * Leaf:28:28
          * FullscreenMagnification:26:27
            * Leaf:26:27
      * Leaf:24:25
      * HideDisplayCutout:18:23
        * OneHanded:18:23
          * FullscreenMagnification:18:23
            * Leaf:18:23
      * OneHanded:17:17
        * FullscreenMagnification:17:17
          * Leaf:17:17
      * HideDisplayCutout:16:16
        * OneHanded:16:16
          * FullscreenMagnification:16:16
            * Leaf:16:16
      * OneHanded:15:15
        * FullscreenMagnification:15:15
          * Leaf:15:15
      * HideDisplayCutout:0:14
        * OneHanded:0:14
          * ImePlaceholder:13:14
            * ImeContainer
          * FullscreenMagnification:0:12
            * Leaf:3:12
            * DefaultTaskDisplayArea (organized)
            * Leaf:0:1

